2025-04-28T08:45:13.647+03:00  INFO 19992 --- [here-springboot] [main] c.h.b.backendSpringbootApplication       : Starting backendSpringbootApplication using Java 21.0.2 with PID 19992 (C:\Users\HP-G9\Desktop\capstone\here-the-attendance-system--1\backend\target\classes started by HP-G9 in C:\Users\HP-G9\Desktop\capstone\here-the-attendance-system--1\backend)
2025-04-28T08:45:13.659+03:00  INFO 19992 --- [here-springboot] [main] c.h.b.backendSpringbootApplication       : The following 1 profile is active: "local"
2025-04-28T08:45:15.084+03:00  INFO 19992 --- [here-springboot] [main] .s.d.r.c.RepositoryConfigurationDelegate : Bootstrapping Spring Data MongoDB repositories in DEFAULT mode.
2025-04-28T08:45:15.256+03:00  INFO 19992 --- [here-springboot] [main] .s.d.r.c.RepositoryConfigurationDelegate : Finished Spring Data repository scanning in 160 ms. Found 9 MongoDB repository interfaces.
2025-04-28T08:45:16.109+03:00  INFO 19992 --- [here-springboot] [main] o.s.b.w.embedded.tomcat.TomcatWebServer  : Tomcat initialized with port 8080 (http)
2025-04-28T08:45:16.126+03:00  INFO 19992 --- [here-springboot] [main] o.apache.catalina.core.StandardService   : Starting service [Tomcat]
2025-04-28T08:45:16.127+03:00  INFO 19992 --- [here-springboot] [main] o.apache.catalina.core.StandardEngine    : Starting Servlet engine: [Apache Tomcat/10.1.34]
2025-04-28T08:45:16.217+03:00  INFO 19992 --- [here-springboot] [main] o.a.c.c.C.[Tomcat].[localhost].[/]       : Initializing Spring embedded WebApplicationContext
2025-04-28T08:45:16.218+03:00  INFO 19992 --- [here-springboot] [main] w.s.c.ServletWebServerApplicationContext : Root WebApplicationContext: initialization completed in 2497 ms
2025-04-28T08:45:16.623+03:00  INFO 19992 --- [here-springboot] [main] org.mongodb.driver.client                : MongoClient with metadata {"driver": {"name": "mongo-java-driver|sync|spring-boot", "version": "5.2.1"}, "os": {"type": "Windows", "name": "Windows 11", "architecture": "amd64", "version": "10.0"}, "platform": "Java/Oracle Corporation/21.0.2+13-LTS-58"} created with settings MongoClientSettings{readPreference=primary, writeConcern=WriteConcern{w=null, wTimeout=null ms, journal=null}, retryWrites=true, retryReads=true, readConcern=ReadConcern{level=null}, credential=null, transportSettings=null, commandListeners=[io.micrometer.core.instrument.binder.mongodb.MongoMetricsCommandListener@55071497], codecRegistry=ProvidersCodecRegistry{codecProviders=[ValueCodecProvider{}, BsonValueCodecProvider{}, DBRefCodecProvider{}, DBObjectCodecProvider{}, DocumentCodecProvider{}, CollectionCodecProvider{}, IterableCodecProvider{}, MapCodecProvider{}, GeoJsonCodecProvider{}, GridFSFileCodecProvider{}, Jsr310CodecProvider{}, JsonObjectCodecProvider{}, BsonCodecProvider{}, EnumCodecProvider{}, com.mongodb.client.model.mql.ExpressionCodecProvider@10d98940, com.mongodb.Jep395RecordCodecProvider@58b8f9e3, com.mongodb.KotlinCodecProvider@32a033b6]}, loggerSettings=LoggerSettings{maxDocumentLength=1000}, clusterSettings={hosts=[localhost:27017], srvServiceName=mongodb, mode=SINGLE, requiredClusterType=UNKNOWN, requiredReplicaSetName='null', serverSelector='null', clusterListeners='[]', serverSelectionTimeout='30000 ms', localThreshold='15 ms'}, socketSettings=SocketSettings{connectTimeoutMS=10000, readTimeoutMS=0, receiveBufferSize=0, proxySettings=ProxySettings{host=null, port=null, username=null, password=null}}, heartbeatSocketSettings=SocketSettings{connectTimeoutMS=10000, readTimeoutMS=10000, receiveBufferSize=0, proxySettings=ProxySettings{host=null, port=null, username=null, password=null}}, connectionPoolSettings=ConnectionPoolSettings{maxSize=100, minSize=0, maxWaitTimeMS=120000, maxConnectionLifeTimeMS=0, maxConnectionIdleTimeMS=0, maintenanceInitialDelayMS=0, maintenanceFrequencyMS=60000, connectionPoolListeners=[io.micrometer.core.instrument.binder.mongodb.MongoMetricsConnectionPoolListener@5f6e2ad9], maxConnecting=2}, serverSettings=ServerSettings{heartbeatFrequencyMS=10000, minHeartbeatFrequencyMS=500, serverMonitoringMode=AUTO, serverListeners='[]', serverMonitorListeners='[]'}, sslSettings=SslSettings{enabled=false, invalidHostNameAllowed=false, context=null}, applicationName='null', compressorList=[], uuidRepresentation=JAVA_LEGACY, serverApi=null, autoEncryptionSettings=null, dnsClient=null, inetAddressResolver=null, contextProvider=null, timeoutMS=null}
2025-04-28T08:45:16.665+03:00  INFO 19992 --- [here-springboot] [cluster-ClusterId{value='680f15ecc5b2721a4c715c52', description='null'}-localhost:27017] org.mongodb.driver.cluster               : Monitor thread successfully connected to server with description ServerDescription{address=localhost:27017, type=STANDALONE, cryptd=false, state=CONNECTED, ok=true, minWireVersion=0, maxWireVersion=25, maxDocumentSize=16777216, logicalSessionTimeoutMinutes=30, roundTripTimeNanos=55049600, minRoundTripTimeNanos=0}
2025-04-28T08:45:17.414+03:00 DEBUG 19992 --- [here-springboot] [main] o.s.w.f.ServerHttpObservationFilter      : Filter 'webMvcObservationFilter' configured for use
2025-04-28T08:45:17.415+03:00 DEBUG 19992 --- [here-springboot] [main] o.springframework.web.filter.CorsFilter  : Filter 'corsFilterRegistrationBean' configured for use
2025-04-28T08:45:17.801+03:00  INFO 19992 --- [here-springboot] [main] eAuthenticationProviderManagerConfigurer : Global AuthenticationManager configured with AuthenticationProvider bean with name authenticationProvider
2025-04-28T08:45:17.802+03:00  WARN 19992 --- [here-springboot] [main] r$InitializeUserDetailsManagerConfigurer : Global AuthenticationManager configured with an AuthenticationProvider bean. UserDetailsService beans will not be used by Spring Security for automatically configuring username/password login. Consider removing the AuthenticationProvider bean. Alternatively, consider using the UserDetailsService in a manually instantiated DaoAuthenticationProvider. If the current configuration is intentional, to turn off this warning, increase the logging level of 'org.springframework.security.config.annotation.authentication.configuration.InitializeUserDetailsBeanManagerConfigurer' to ERROR
2025-04-28T08:45:18.162+03:00 DEBUG 19992 --- [here-springboot] [main] s.w.s.m.m.a.RequestMappingHandlerMapping : 84 mappings in 'requestMappingHandlerMapping'
2025-04-28T08:45:18.179+03:00 DEBUG 19992 --- [here-springboot] [main] o.s.w.s.h.BeanNameUrlHandlerMapping      : Detected 1 mappings in 'beanNameHandlerMapping'
2025-04-28T08:45:18.816+03:00 DEBUG 19992 --- [here-springboot] [main] o.s.w.s.handler.SimpleUrlHandlerMapping  : Patterns [/webjars/**, /**] in 'resourceHandlerMapping'
2025-04-28T08:45:19.032+03:00  INFO 19992 --- [here-springboot] [main] o.s.b.a.e.web.EndpointLinksResolver      : Exposing 1 endpoint beneath base path '/actuator'
2025-04-28T08:45:19.102+03:00 DEBUG 19992 --- [here-springboot] [main] o.s.s.web.DefaultSecurityFilterChain     : Will secure any request with filters: DisableEncodeUrlFilter, WebAsyncManagerIntegrationFilter, SecurityContextHolderFilter, HeaderWriterFilter, LogoutFilter, AuthTokenFilter, RequestCacheAwareFilter, SecurityContextHolderAwareRequestFilter, AnonymousAuthenticationFilter, SessionManagementFilter, ExceptionTranslationFilter, AuthorizationFilter
2025-04-28T08:45:19.206+03:00 DEBUG 19992 --- [here-springboot] [main] s.w.s.m.m.a.RequestMappingHandlerAdapter : ControllerAdvice beans: 0 @ModelAttribute, 0 @InitBinder, 1 RequestBodyAdvice, 1 ResponseBodyAdvice
2025-04-28T08:45:19.280+03:00 DEBUG 19992 --- [here-springboot] [main] .m.m.a.ExceptionHandlerExceptionResolver : ControllerAdvice beans: 0 @ExceptionHandler, 1 ResponseBodyAdvice
2025-04-28T08:45:19.733+03:00  INFO 19992 --- [here-springboot] [RMI TCP Connection(2)-127.0.0.1] o.a.c.c.C.[Tomcat].[localhost].[/]       : Initializing Spring DispatcherServlet 'dispatcherServlet'
2025-04-28T08:45:19.734+03:00  INFO 19992 --- [here-springboot] [RMI TCP Connection(2)-127.0.0.1] o.s.web.servlet.DispatcherServlet        : Initializing Servlet 'dispatcherServlet'
2025-04-28T08:45:19.735+03:00  INFO 19992 --- [here-springboot] [RMI TCP Connection(2)-127.0.0.1] o.s.b.f.s.DefaultListableBeanFactory     : Creating singleton bean 'multipartResolver' in thread "RMI TCP Connection(2)-127.0.0.1" while other thread holds singleton lock for other beans [securityReactorContextSubscriberRegistrar]
2025-04-28T08:45:19.737+03:00 DEBUG 19992 --- [here-springboot] [RMI TCP Connection(2)-127.0.0.1] o.s.web.servlet.DispatcherServlet        : Detected StandardServletMultipartResolver
2025-04-28T08:45:19.738+03:00 DEBUG 19992 --- [here-springboot] [RMI TCP Connection(2)-127.0.0.1] o.s.web.servlet.DispatcherServlet        : Detected AcceptHeaderLocaleResolver
2025-04-28T08:45:19.739+03:00 DEBUG 19992 --- [here-springboot] [RMI TCP Connection(2)-127.0.0.1] o.s.web.servlet.DispatcherServlet        : Detected FixedThemeResolver
2025-04-28T08:45:19.742+03:00 DEBUG 19992 --- [here-springboot] [RMI TCP Connection(2)-127.0.0.1] o.s.web.servlet.DispatcherServlet        : Detected org.springframework.web.servlet.view.DefaultRequestToViewNameTranslator@4c5ed4cc
2025-04-28T08:45:19.743+03:00 DEBUG 19992 --- [here-springboot] [RMI TCP Connection(2)-127.0.0.1] o.s.web.servlet.DispatcherServlet        : Detected org.springframework.web.servlet.support.SessionFlashMapManager@7023d6da
2025-04-28T08:45:19.744+03:00 DEBUG 19992 --- [here-springboot] [RMI TCP Connection(2)-127.0.0.1] o.s.web.servlet.DispatcherServlet        : enableLoggingRequestDetails='false': request parameters and headers will be masked to prevent unsafe logging of potentially sensitive data
2025-04-28T08:45:19.744+03:00  INFO 19992 --- [here-springboot] [RMI TCP Connection(2)-127.0.0.1] o.s.web.servlet.DispatcherServlet        : Completed initialization in 9 ms
2025-04-28T08:45:19.928+03:00  INFO 19992 --- [here-springboot] [main] o.s.b.w.embedded.tomcat.TomcatWebServer  : Tomcat started on port 8080 (http) with context path '/'
2025-04-28T08:45:19.935+03:00  INFO 19992 --- [here-springboot] [main] c.h.b.backendSpringbootApplication       : Started backendSpringbootApplication in 6.8 seconds (process running for 7.445)
2025-04-28T08:45:20.138+03:00  INFO 19992 --- [here-springboot] [main] c.h.backend.Config.DatabaseInitializer   : Collection already exists: rooms
2025-04-28T08:45:20.148+03:00  INFO 19992 --- [here-springboot] [main] c.h.backend.Config.DatabaseInitializer   : Collection already exists: teachers
2025-04-28T08:45:20.152+03:00  INFO 19992 --- [here-springboot] [main] c.h.backend.Config.DatabaseInitializer   : Collection already exists: students
2025-04-28T08:45:20.156+03:00  INFO 19992 --- [here-springboot] [main] c.h.backend.Config.DatabaseInitializer   : Collection already exists: attendances
2025-04-28T08:45:20.159+03:00  INFO 19992 --- [here-springboot] [main] c.h.backend.Config.DatabaseInitializer   : Collection already exists: cameras
2025-04-28T08:45:20.162+03:00  INFO 19992 --- [here-springboot] [main] c.h.backend.Config.DatabaseInitializer   : Collection already exists: courses
2025-04-28T08:45:20.166+03:00  INFO 19992 --- [here-springboot] [main] c.h.backend.Config.DatabaseInitializer   : Collection already exists: emails
2025-04-28T08:45:20.169+03:00  INFO 19992 --- [here-springboot] [main] c.h.backend.Config.DatabaseInitializer   : Collection already exists: excellimports
2025-04-28T08:45:20.173+03:00  INFO 19992 --- [here-springboot] [main] c.h.backend.Config.DatabaseInitializer   : Collection already exists: facerecognitions
2025-04-28T08:45:20.175+03:00  INFO 19992 --- [here-springboot] [main] c.h.backend.Config.DatabaseInitializer   : Collection already exists: scheduals
2025-04-28T08:45:20.178+03:00  INFO 19992 --- [here-springboot] [main] c.h.backend.Config.DatabaseInitializer   : Collection already exists: sessions
2025-04-28T08:46:02.090+03:00 DEBUG 19992 --- [here-springboot] [http-nio-8080-exec-1] o.s.security.web.FilterChainProxy        : Securing POST /api/auth/signin
2025-04-28T08:46:02.114+03:00 DEBUG 19992 --- [here-springboot] [http-nio-8080-exec-1] o.s.s.w.a.AnonymousAuthenticationFilter  : Set SecurityContextHolder to anonymous SecurityContext
2025-04-28T08:46:02.125+03:00 DEBUG 19992 --- [here-springboot] [http-nio-8080-exec-1] o.s.security.web.FilterChainProxy        : Secured POST /api/auth/signin
2025-04-28T08:46:02.129+03:00 DEBUG 19992 --- [here-springboot] [http-nio-8080-exec-1] o.s.web.servlet.DispatcherServlet        : POST "/api/auth/signin", parameters={}
2025-04-28T08:46:02.133+03:00 DEBUG 19992 --- [here-springboot] [http-nio-8080-exec-1] s.w.s.m.m.a.RequestMappingHandlerMapping : Mapped to com.here.backend.Security.controllers.AuthController#authenticateUser(LoginRequest)
2025-04-28T08:46:02.225+03:00 DEBUG 19992 --- [here-springboot] [http-nio-8080-exec-1] m.m.a.RequestResponseBodyMethodProcessor : Read "application/json;charset=UTF-8" to [com.here.backend.Security.payload.request.LoginRequest@1b9ab9e8]
2025-04-28T08:46:02.744+03:00 DEBUG 19992 --- [here-springboot] [http-nio-8080-exec-1] o.s.s.a.dao.DaoAuthenticationProvider    : Authenticated user
2025-04-28T08:46:02.816+03:00 DEBUG 19992 --- [here-springboot] [http-nio-8080-exec-1] o.s.w.s.m.m.a.HttpEntityMethodProcessor  : Using 'application/json', given [*/*] and supported [application/json, application/*+json, application/yaml]
2025-04-28T08:46:02.818+03:00 DEBUG 19992 --- [here-springboot] [http-nio-8080-exec-1] o.s.w.s.m.m.a.HttpEntityMethodProcessor  : Writing [com.here.backend.Security.payload.response.JwtResponse@6d9bb137]
2025-04-28T08:46:02.829+03:00 DEBUG 19992 --- [here-springboot] [http-nio-8080-exec-1] o.s.web.servlet.DispatcherServlet        : Completed 200 OK
2025-04-28T08:46:02.855+03:00 DEBUG 19992 --- [here-springboot] [http-nio-8080-exec-5] o.s.security.web.FilterChainProxy        : Securing GET /teachers/courses/T106
2025-04-28T08:46:02.888+03:00 DEBUG 19992 --- [here-springboot] [http-nio-8080-exec-5] o.s.security.web.FilterChainProxy        : Secured GET /teachers/courses/T106
2025-04-28T08:46:02.889+03:00 DEBUG 19992 --- [here-springboot] [http-nio-8080-exec-5] o.s.web.servlet.DispatcherServlet        : GET "/teachers/courses/T106", parameters={}
2025-04-28T08:46:02.891+03:00 DEBUG 19992 --- [here-springboot] [http-nio-8080-exec-5] s.w.s.m.m.a.RequestMappingHandlerMapping : Mapped to com.here.backend.Teacher.TeacherController#getAllCoursesForTeacher(String)
2025-04-28T08:46:02.925+03:00 DEBUG 19992 --- [here-springboot] [http-nio-8080-exec-5] o.s.w.s.m.m.a.HttpEntityMethodProcessor  : Using 'application/json', given [*/*] and supported [application/json, application/*+json, application/yaml]
2025-04-28T08:46:02.926+03:00 DEBUG 19992 --- [here-springboot] [http-nio-8080-exec-5] o.s.w.s.m.m.a.HttpEntityMethodProcessor  : Writing [[com.here.backend.Course.CourseEntity@6c156bf3, com.here.backend.Course.CourseEntity@43e911c4]]
2025-04-28T08:46:02.932+03:00 DEBUG 19992 --- [here-springboot] [http-nio-8080-exec-5] o.s.web.servlet.DispatcherServlet        : Completed 200 OK
2025-04-28T08:46:02.942+03:00 DEBUG 19992 --- [here-springboot] [http-nio-8080-exec-6] o.s.security.web.FilterChainProxy        : Securing GET /teachers/T106/upcoming-classes
2025-04-28T08:46:02.953+03:00 DEBUG 19992 --- [here-springboot] [http-nio-8080-exec-6] o.s.security.web.FilterChainProxy        : Secured GET /teachers/T106/upcoming-classes
2025-04-28T08:46:02.954+03:00 DEBUG 19992 --- [here-springboot] [http-nio-8080-exec-6] o.s.web.servlet.DispatcherServlet        : GET "/teachers/T106/upcoming-classes", parameters={}
2025-04-28T08:46:02.955+03:00 DEBUG 19992 --- [here-springboot] [http-nio-8080-exec-6] s.w.s.m.m.a.RequestMappingHandlerMapping : Mapped to com.here.backend.Teacher.TeacherController#getUpcomingClassesForTeacher(String)
2025-04-28T08:46:02.968+03:00 DEBUG 19992 --- [here-springboot] [http-nio-8080-exec-6] o.s.w.s.m.m.a.HttpEntityMethodProcessor  : Using 'application/json', given [*/*] and supported [application/json, application/*+json, application/yaml]
2025-04-28T08:46:02.970+03:00 DEBUG 19992 --- [here-springboot] [http-nio-8080-exec-6] o.s.w.s.m.m.a.HttpEntityMethodProcessor  : Writing [[{dateTime=2025-04-29T08:00, courseName=Course_7, startTime=08:00, courseId=C210, day=Tuesday, roomI (truncated)...]
2025-04-28T08:46:02.974+03:00 DEBUG 19992 --- [here-springboot] [http-nio-8080-exec-6] o.s.web.servlet.DispatcherServlet        : Completed 200 OK
