2025-03-18T11:07:24.068+02:00  INFO 26060 --- [here-springboot] [main] c.h.b.backendSpringbootApplication       : Starting backendSpringbootApplication using Java 21.0.2 with PID 26060 (C:\Users\user\here-the-attendance-system-\backend\target\classes started by user in C:\Users\user\here-the-attendance-system-)
2025-03-18T11:07:24.093+02:00  INFO 26060 --- [here-springboot] [main] c.h.b.backendSpringbootApplication       : No active profile set, falling back to 1 default profile: "default"
2025-03-18T11:07:26.796+02:00  INFO 26060 --- [here-springboot] [main] .s.d.r.c.RepositoryConfigurationDelegate : Bootstrapping Spring Data MongoDB repositories in DEFAULT mode.
2025-03-18T11:07:27.058+02:00  INFO 26060 --- [here-springboot] [main] .s.d.r.c.RepositoryConfigurationDelegate : Finished Spring Data repository scanning in 250 ms. Found 9 MongoDB repository interfaces.
2025-03-18T11:07:28.283+02:00  INFO 26060 --- [here-springboot] [main] o.s.b.w.embedded.tomcat.TomcatWebServer  : Tomcat initialized with port 8080 (http)
2025-03-18T11:07:28.309+02:00  INFO 26060 --- [here-springboot] [main] o.apache.catalina.core.StandardService   : Starting service [Tomcat]
2025-03-18T11:07:28.310+02:00  INFO 26060 --- [here-springboot] [main] o.apache.catalina.core.StandardEngine    : Starting Servlet engine: [Apache Tomcat/10.1.34]
2025-03-18T11:07:28.454+02:00  INFO 26060 --- [here-springboot] [main] o.a.c.c.C.[Tomcat].[localhost].[/]       : Initializing Spring embedded WebApplicationContext
2025-03-18T11:07:28.456+02:00  INFO 26060 --- [here-springboot] [main] w.s.c.ServletWebServerApplicationContext : Root WebApplicationContext: initialization completed in 4237 ms
2025-03-18T11:07:28.947+02:00  INFO 26060 --- [here-springboot] [main] org.mongodb.driver.client                : MongoClient with metadata {"driver": {"name": "mongo-java-driver|sync|spring-boot", "version": "5.2.1"}, "os": {"type": "Windows", "name": "Windows 11", "architecture": "amd64", "version": "10.0"}, "platform": "Java/Oracle Corporation/21.0.2+13-LTS-58"} created with settings MongoClientSettings{readPreference=primary, writeConcern=WriteConcern{w=null, wTimeout=null ms, journal=null}, retryWrites=true, retryReads=true, readConcern=ReadConcern{level=null}, credential=null, transportSettings=null, commandListeners=[io.micrometer.core.instrument.binder.mongodb.MongoMetricsCommandListener@b34c7c9], codecRegistry=ProvidersCodecRegistry{codecProviders=[ValueCodecProvider{}, BsonValueCodecProvider{}, DBRefCodecProvider{}, DBObjectCodecProvider{}, DocumentCodecProvider{}, CollectionCodecProvider{}, IterableCodecProvider{}, MapCodecProvider{}, GeoJsonCodecProvider{}, GridFSFileCodecProvider{}, Jsr310CodecProvider{}, JsonObjectCodecProvider{}, BsonCodecProvider{}, EnumCodecProvider{}, com.mongodb.client.model.mql.ExpressionCodecProvider@5b490d5e, com.mongodb.Jep395RecordCodecProvider@1f6c4ae, com.mongodb.KotlinCodecProvider@26270b77]}, loggerSettings=LoggerSettings{maxDocumentLength=1000}, clusterSettings={hosts=[localhost:27017], srvServiceName=mongodb, mode=SINGLE, requiredClusterType=UNKNOWN, requiredReplicaSetName='null', serverSelector='null', clusterListeners='[]', serverSelectionTimeout='30000 ms', localThreshold='15 ms'}, socketSettings=SocketSettings{connectTimeoutMS=10000, readTimeoutMS=0, receiveBufferSize=0, proxySettings=ProxySettings{host=null, port=null, username=null, password=null}}, heartbeatSocketSettings=SocketSettings{connectTimeoutMS=10000, readTimeoutMS=10000, receiveBufferSize=0, proxySettings=ProxySettings{host=null, port=null, username=null, password=null}}, connectionPoolSettings=ConnectionPoolSettings{maxSize=100, minSize=0, maxWaitTimeMS=120000, maxConnectionLifeTimeMS=0, maxConnectionIdleTimeMS=0, maintenanceInitialDelayMS=0, maintenanceFrequencyMS=60000, connectionPoolListeners=[io.micrometer.core.instrument.binder.mongodb.MongoMetricsConnectionPoolListener@b808af5], maxConnecting=2}, serverSettings=ServerSettings{heartbeatFrequencyMS=10000, minHeartbeatFrequencyMS=500, serverMonitoringMode=AUTO, serverListeners='[]', serverMonitorListeners='[]'}, sslSettings=SslSettings{enabled=false, invalidHostNameAllowed=false, context=null}, applicationName='null', compressorList=[], uuidRepresentation=JAVA_LEGACY, serverApi=null, autoEncryptionSettings=null, dnsClient=null, inetAddressResolver=null, contextProvider=null, timeoutMS=null}
2025-03-18T11:07:28.997+02:00  INFO 26060 --- [here-springboot] [cluster-ClusterId{value='67d937d0a8bd3a413bcd11f1', description='null'}-localhost:27017] org.mongodb.driver.cluster               : Monitor thread successfully connected to server with description ServerDescription{address=localhost:27017, type=STANDALONE, cryptd=false, state=CONNECTED, ok=true, minWireVersion=0, maxWireVersion=21, maxDocumentSize=16777216, logicalSessionTimeoutMinutes=30, roundTripTimeNanos=52080100, minRoundTripTimeNanos=0}
2025-03-18T11:07:30.256+02:00 DEBUG 26060 --- [here-springboot] [main] o.s.w.f.ServerHttpObservationFilter      : Filter 'webMvcObservationFilter' configured for use
2025-03-18T11:07:30.257+02:00 DEBUG 26060 --- [here-springboot] [main] o.springframework.web.filter.CorsFilter  : Filter 'corsFilterRegistrationBean' configured for use
2025-03-18T11:07:30.805+02:00  INFO 26060 --- [here-springboot] [main] eAuthenticationProviderManagerConfigurer : Global AuthenticationManager configured with AuthenticationProvider bean with name authenticationProvider
2025-03-18T11:07:30.806+02:00  WARN 26060 --- [here-springboot] [main] r$InitializeUserDetailsManagerConfigurer : Global AuthenticationManager configured with an AuthenticationProvider bean. UserDetailsService beans will not be used by Spring Security for automatically configuring username/password login. Consider removing the AuthenticationProvider bean. Alternatively, consider using the UserDetailsService in a manually instantiated DaoAuthenticationProvider. If the current configuration is intentional, to turn off this warning, increase the logging level of 'org.springframework.security.config.annotation.authentication.configuration.InitializeUserDetailsBeanManagerConfigurer' to ERROR
2025-03-18T11:07:31.449+02:00 DEBUG 26060 --- [here-springboot] [main] s.w.s.m.m.a.RequestMappingHandlerMapping : 65 mappings in 'requestMappingHandlerMapping'
2025-03-18T11:07:31.479+02:00 DEBUG 26060 --- [here-springboot] [main] o.s.w.s.h.BeanNameUrlHandlerMapping      : Detected 1 mappings in 'beanNameHandlerMapping'
2025-03-18T11:07:32.995+02:00 DEBUG 26060 --- [here-springboot] [main] o.s.w.s.handler.SimpleUrlHandlerMapping  : Patterns [/webjars/**, /**] in 'resourceHandlerMapping'
2025-03-18T11:07:33.349+02:00  INFO 26060 --- [here-springboot] [main] o.s.b.a.e.web.EndpointLinksResolver      : Exposing 1 endpoint beneath base path '/actuator'
2025-03-18T11:07:33.487+02:00 DEBUG 26060 --- [here-springboot] [main] o.s.s.web.DefaultSecurityFilterChain     : Will secure any request with filters: DisableEncodeUrlFilter, WebAsyncManagerIntegrationFilter, SecurityContextHolderFilter, HeaderWriterFilter, LogoutFilter, AuthTokenFilter, RequestCacheAwareFilter, SecurityContextHolderAwareRequestFilter, AnonymousAuthenticationFilter, SessionManagementFilter, ExceptionTranslationFilter, AuthorizationFilter
2025-03-18T11:07:33.679+02:00 DEBUG 26060 --- [here-springboot] [main] s.w.s.m.m.a.RequestMappingHandlerAdapter : ControllerAdvice beans: 0 @ModelAttribute, 0 @InitBinder, 1 RequestBodyAdvice, 1 ResponseBodyAdvice
2025-03-18T11:07:33.879+02:00 DEBUG 26060 --- [here-springboot] [main] .m.m.a.ExceptionHandlerExceptionResolver : ControllerAdvice beans: 0 @ExceptionHandler, 1 ResponseBodyAdvice
2025-03-18T11:07:34.623+02:00  INFO 26060 --- [here-springboot] [main] o.s.b.w.embedded.tomcat.TomcatWebServer  : Tomcat started on port 8080 (http) with context path '/'
2025-03-18T11:07:34.646+02:00  INFO 26060 --- [here-springboot] [main] c.h.b.backendSpringbootApplication       : Started backendSpringbootApplication in 11.661 seconds (process running for 13.426)
2025-03-18T11:07:35.802+02:00  INFO 26060 --- [here-springboot] [RMI TCP Connection(2)-127.0.0.1] o.a.c.c.C.[Tomcat].[localhost].[/]       : Initializing Spring DispatcherServlet 'dispatcherServlet'
2025-03-18T11:07:35.803+02:00  INFO 26060 --- [here-springboot] [RMI TCP Connection(2)-127.0.0.1] o.s.web.servlet.DispatcherServlet        : Initializing Servlet 'dispatcherServlet'
2025-03-18T11:07:35.804+02:00 DEBUG 26060 --- [here-springboot] [RMI TCP Connection(2)-127.0.0.1] o.s.web.servlet.DispatcherServlet        : Detected StandardServletMultipartResolver
2025-03-18T11:07:35.805+02:00 DEBUG 26060 --- [here-springboot] [RMI TCP Connection(2)-127.0.0.1] o.s.web.servlet.DispatcherServlet        : Detected AcceptHeaderLocaleResolver
2025-03-18T11:07:35.805+02:00 DEBUG 26060 --- [here-springboot] [RMI TCP Connection(2)-127.0.0.1] o.s.web.servlet.DispatcherServlet        : Detected FixedThemeResolver
2025-03-18T11:07:35.809+02:00 DEBUG 26060 --- [here-springboot] [RMI TCP Connection(2)-127.0.0.1] o.s.web.servlet.DispatcherServlet        : Detected org.springframework.web.servlet.view.DefaultRequestToViewNameTranslator@3673fd3b
2025-03-18T11:07:35.811+02:00 DEBUG 26060 --- [here-springboot] [RMI TCP Connection(2)-127.0.0.1] o.s.web.servlet.DispatcherServlet        : Detected org.springframework.web.servlet.support.SessionFlashMapManager@660778cd
2025-03-18T11:07:35.812+02:00 DEBUG 26060 --- [here-springboot] [RMI TCP Connection(2)-127.0.0.1] o.s.web.servlet.DispatcherServlet        : enableLoggingRequestDetails='false': request parameters and headers will be masked to prevent unsafe logging of potentially sensitive data
2025-03-18T11:07:35.816+02:00  INFO 26060 --- [here-springboot] [RMI TCP Connection(2)-127.0.0.1] o.s.web.servlet.DispatcherServlet        : Completed initialization in 9 ms
2025-03-18T11:08:14.925+02:00 DEBUG 26060 --- [here-springboot] [http-nio-8080-exec-2] o.s.security.web.FilterChainProxy        : Securing POST /api/auth/signin
2025-03-18T11:08:14.941+02:00 DEBUG 26060 --- [here-springboot] [http-nio-8080-exec-2] o.s.s.w.a.AnonymousAuthenticationFilter  : Set SecurityContextHolder to anonymous SecurityContext
2025-03-18T11:08:14.954+02:00 DEBUG 26060 --- [here-springboot] [http-nio-8080-exec-2] o.s.security.web.FilterChainProxy        : Secured POST /api/auth/signin
2025-03-18T11:08:14.957+02:00 DEBUG 26060 --- [here-springboot] [http-nio-8080-exec-2] o.s.web.servlet.DispatcherServlet        : POST "/api/auth/signin", parameters={}
2025-03-18T11:08:14.963+02:00 DEBUG 26060 --- [here-springboot] [http-nio-8080-exec-2] s.w.s.m.m.a.RequestMappingHandlerMapping : Mapped to com.here.backend.Security.controllers.AuthController#authenticateUser(LoginRequest)
2025-03-18T11:08:15.089+02:00 DEBUG 26060 --- [here-springboot] [http-nio-8080-exec-2] m.m.a.RequestResponseBodyMethodProcessor : Read "application/json;charset=UTF-8" to [com.here.backend.Security.payload.request.LoginRequest@58ec5aab]
2025-03-18T11:08:15.691+02:00 DEBUG 26060 --- [here-springboot] [http-nio-8080-exec-2] o.s.s.a.dao.DaoAuthenticationProvider    : Authenticated user
2025-03-18T11:08:15.818+02:00 DEBUG 26060 --- [here-springboot] [http-nio-8080-exec-2] o.s.w.s.m.m.a.HttpEntityMethodProcessor  : Using 'application/json', given [*/*] and supported [application/json, application/*+json, application/yaml]
2025-03-18T11:08:15.821+02:00 DEBUG 26060 --- [here-springboot] [http-nio-8080-exec-2] o.s.w.s.m.m.a.HttpEntityMethodProcessor  : Writing [com.here.backend.Security.payload.response.JwtResponse@6734172d]
2025-03-18T11:08:15.853+02:00 DEBUG 26060 --- [here-springboot] [http-nio-8080-exec-2] o.s.web.servlet.DispatcherServlet        : Completed 200 OK
2025-03-18T11:08:22.988+02:00  INFO 26060 --- [here-springboot] [http-nio-8080-exec-4] o.apache.coyote.http11.Http11Processor   : Error parsing HTTP request header
 Note: further occurrences of HTTP request parsing errors will be logged at DEBUG level.

java.lang.IllegalArgumentException: Invalid character found in method name [0x160x030x010x000xf70x010x000x000xf30x030x030x870x050x050x8c0x19KG0x051 ]. HTTP method names must be tokens
	at org.apache.coyote.http11.Http11InputBuffer.parseRequestLine(Http11InputBuffer.java:406) ~[tomcat-embed-core-10.1.34.jar:10.1.34]
	at org.apache.coyote.http11.Http11Processor.service(Http11Processor.java:270) ~[tomcat-embed-core-10.1.34.jar:10.1.34]
	at org.apache.coyote.AbstractProcessorLight.process(AbstractProcessorLight.java:63) ~[tomcat-embed-core-10.1.34.jar:10.1.34]
	at org.apache.coyote.AbstractProtocol$ConnectionHandler.process(AbstractProtocol.java:905) ~[tomcat-embed-core-10.1.34.jar:10.1.34]
	at org.apache.tomcat.util.net.NioEndpoint$SocketProcessor.doRun(NioEndpoint.java:1741) ~[tomcat-embed-core-10.1.34.jar:10.1.34]
	at org.apache.tomcat.util.net.SocketProcessorBase.run(SocketProcessorBase.java:52) ~[tomcat-embed-core-10.1.34.jar:10.1.34]
	at org.apache.tomcat.util.threads.ThreadPoolExecutor.runWorker(ThreadPoolExecutor.java:1190) ~[tomcat-embed-core-10.1.34.jar:10.1.34]
	at org.apache.tomcat.util.threads.ThreadPoolExecutor$Worker.run(ThreadPoolExecutor.java:659) ~[tomcat-embed-core-10.1.34.jar:10.1.34]
	at org.apache.tomcat.util.threads.TaskThread$WrappingRunnable.run(TaskThread.java:63) ~[tomcat-embed-core-10.1.34.jar:10.1.34]
	at java.base/java.lang.Thread.run(Thread.java:1583) ~[na:na]

2025-03-18T11:09:21.863+02:00 DEBUG 26060 --- [here-springboot] [http-nio-8080-exec-9] o.s.security.web.FilterChainProxy        : Securing GET /api/auth/signin?vscodeBrowserReqId=1742288961837
2025-03-18T11:09:21.865+02:00 DEBUG 26060 --- [here-springboot] [http-nio-8080-exec-9] o.s.s.w.a.AnonymousAuthenticationFilter  : Set SecurityContextHolder to anonymous SecurityContext
2025-03-18T11:09:21.867+02:00 DEBUG 26060 --- [here-springboot] [http-nio-8080-exec-9] o.s.security.web.FilterChainProxy        : Secured GET /api/auth/signin?vscodeBrowserReqId=1742288961837
2025-03-18T11:09:21.868+02:00 DEBUG 26060 --- [here-springboot] [http-nio-8080-exec-9] o.s.web.servlet.DispatcherServlet        : GET "/api/auth/signin?vscodeBrowserReqId=1742288961837", parameters={masked}
2025-03-18T11:09:21.873+02:00  WARN 26060 --- [here-springboot] [http-nio-8080-exec-9] .w.s.m.s.DefaultHandlerExceptionResolver : Resolved [org.springframework.web.HttpRequestMethodNotSupportedException: Request method 'GET' is not supported]
2025-03-18T11:09:21.874+02:00 DEBUG 26060 --- [here-springboot] [http-nio-8080-exec-9] o.s.web.servlet.DispatcherServlet        : Completed 405 METHOD_NOT_ALLOWED
2025-03-18T11:09:21.890+02:00 DEBUG 26060 --- [here-springboot] [http-nio-8080-exec-9] o.s.security.web.FilterChainProxy        : Securing GET /error?vscodeBrowserReqId=1742288961837
2025-03-18T11:09:21.893+02:00 DEBUG 26060 --- [here-springboot] [http-nio-8080-exec-9] o.s.security.web.FilterChainProxy        : Secured GET /error?vscodeBrowserReqId=1742288961837
2025-03-18T11:09:21.894+02:00 DEBUG 26060 --- [here-springboot] [http-nio-8080-exec-9] o.s.web.servlet.DispatcherServlet        : "ERROR" dispatch for GET "/error?vscodeBrowserReqId=1742288961837", parameters={masked}
2025-03-18T11:09:21.895+02:00 DEBUG 26060 --- [here-springboot] [http-nio-8080-exec-9] s.w.s.m.m.a.RequestMappingHandlerMapping : Mapped to org.springframework.boot.autoconfigure.web.servlet.error.BasicErrorController#errorHtml(HttpServletRequest, HttpServletResponse)
2025-03-18T11:09:21.937+02:00 DEBUG 26060 --- [here-springboot] [http-nio-8080-exec-9] o.s.w.s.v.ContentNegotiatingViewResolver : Selected 'text/html' given [text/html, text/html;q=0.8]
2025-03-18T11:09:21.949+02:00 DEBUG 26060 --- [here-springboot] [http-nio-8080-exec-9] o.s.web.servlet.DispatcherServlet        : Exiting from "ERROR" dispatch, status 405
2025-03-18T11:09:21.950+02:00 DEBUG 26060 --- [here-springboot] [http-nio-8080-exec-9] o.s.s.w.a.AnonymousAuthenticationFilter  : Set SecurityContextHolder to anonymous SecurityContext
2025-03-18T19:52:19.574+02:00  INFO 21920 --- [here-springboot] [main] c.h.b.backendSpringbootApplication       : Starting backendSpringbootApplication using Java 21.0.2 with PID 21920 (C:\Users\user\here-the-attendance-system-\backend\target\classes started by user in C:\Users\user\here-the-attendance-system-)
2025-03-18T19:52:19.588+02:00  INFO 21920 --- [here-springboot] [main] c.h.b.backendSpringbootApplication       : No active profile set, falling back to 1 default profile: "default"
2025-03-18T19:52:27.438+02:00  INFO 21920 --- [here-springboot] [main] .s.d.r.c.RepositoryConfigurationDelegate : Bootstrapping Spring Data MongoDB repositories in DEFAULT mode.
2025-03-18T19:52:28.357+02:00  INFO 21920 --- [here-springboot] [main] .s.d.r.c.RepositoryConfigurationDelegate : Finished Spring Data repository scanning in 873 ms. Found 9 MongoDB repository interfaces.
2025-03-18T19:52:31.167+02:00  INFO 21920 --- [here-springboot] [main] o.s.b.w.embedded.tomcat.TomcatWebServer  : Tomcat initialized with port 8080 (http)
2025-03-18T19:52:31.258+02:00  INFO 21920 --- [here-springboot] [main] o.apache.catalina.core.StandardService   : Starting service [Tomcat]
2025-03-18T19:52:31.262+02:00  INFO 21920 --- [here-springboot] [main] o.apache.catalina.core.StandardEngine    : Starting Servlet engine: [Apache Tomcat/10.1.34]
2025-03-18T19:52:31.644+02:00  INFO 21920 --- [here-springboot] [main] o.a.c.c.C.[Tomcat].[localhost].[/]       : Initializing Spring embedded WebApplicationContext
2025-03-18T19:52:31.647+02:00  INFO 21920 --- [here-springboot] [main] w.s.c.ServletWebServerApplicationContext : Root WebApplicationContext: initialization completed in 11621 ms
2025-03-18T19:52:32.614+02:00  INFO 21920 --- [here-springboot] [main] org.mongodb.driver.client                : MongoClient with metadata {"driver": {"name": "mongo-java-driver|sync|spring-boot", "version": "5.2.1"}, "os": {"type": "Windows", "name": "Windows 11", "architecture": "amd64", "version": "10.0"}, "platform": "Java/Oracle Corporation/21.0.2+13-LTS-58"} created with settings MongoClientSettings{readPreference=primary, writeConcern=WriteConcern{w=null, wTimeout=null ms, journal=null}, retryWrites=true, retryReads=true, readConcern=ReadConcern{level=null}, credential=null, transportSettings=null, commandListeners=[io.micrometer.core.instrument.binder.mongodb.MongoMetricsCommandListener@3ba97962], codecRegistry=ProvidersCodecRegistry{codecProviders=[ValueCodecProvider{}, BsonValueCodecProvider{}, DBRefCodecProvider{}, DBObjectCodecProvider{}, DocumentCodecProvider{}, CollectionCodecProvider{}, IterableCodecProvider{}, MapCodecProvider{}, GeoJsonCodecProvider{}, GridFSFileCodecProvider{}, Jsr310CodecProvider{}, JsonObjectCodecProvider{}, BsonCodecProvider{}, EnumCodecProvider{}, com.mongodb.client.model.mql.ExpressionCodecProvider@35becbd4, com.mongodb.Jep395RecordCodecProvider@3bcc8f13, com.mongodb.KotlinCodecProvider@3cb04dd]}, loggerSettings=LoggerSettings{maxDocumentLength=1000}, clusterSettings={hosts=[localhost:27017], srvServiceName=mongodb, mode=SINGLE, requiredClusterType=UNKNOWN, requiredReplicaSetName='null', serverSelector='null', clusterListeners='[]', serverSelectionTimeout='30000 ms', localThreshold='15 ms'}, socketSettings=SocketSettings{connectTimeoutMS=10000, readTimeoutMS=0, receiveBufferSize=0, proxySettings=ProxySettings{host=null, port=null, username=null, password=null}}, heartbeatSocketSettings=SocketSettings{connectTimeoutMS=10000, readTimeoutMS=10000, receiveBufferSize=0, proxySettings=ProxySettings{host=null, port=null, username=null, password=null}}, connectionPoolSettings=ConnectionPoolSettings{maxSize=100, minSize=0, maxWaitTimeMS=120000, maxConnectionLifeTimeMS=0, maxConnectionIdleTimeMS=0, maintenanceInitialDelayMS=0, maintenanceFrequencyMS=60000, connectionPoolListeners=[io.micrometer.core.instrument.binder.mongodb.MongoMetricsConnectionPoolListener@73d91faf], maxConnecting=2}, serverSettings=ServerSettings{heartbeatFrequencyMS=10000, minHeartbeatFrequencyMS=500, serverMonitoringMode=AUTO, serverListeners='[]', serverMonitorListeners='[]'}, sslSettings=SslSettings{enabled=false, invalidHostNameAllowed=false, context=null}, applicationName='null', compressorList=[], uuidRepresentation=JAVA_LEGACY, serverApi=null, autoEncryptionSettings=null, dnsClient=null, inetAddressResolver=null, contextProvider=null, timeoutMS=null}
2025-03-18T19:52:32.747+02:00  INFO 21920 --- [here-springboot] [cluster-ClusterId{value='67d9b2e0fc227c3c02c0a987', description='null'}-localhost:27017] org.mongodb.driver.cluster               : Monitor thread successfully connected to server with description ServerDescription{address=localhost:27017, type=STANDALONE, cryptd=false, state=CONNECTED, ok=true, minWireVersion=0, maxWireVersion=21, maxDocumentSize=16777216, logicalSessionTimeoutMinutes=30, roundTripTimeNanos=127264100, minRoundTripTimeNanos=0}
2025-03-18T19:52:34.897+02:00 DEBUG 21920 --- [here-springboot] [main] o.s.w.f.ServerHttpObservationFilter      : Filter 'webMvcObservationFilter' configured for use
2025-03-18T19:52:34.899+02:00 DEBUG 21920 --- [here-springboot] [main] o.springframework.web.filter.CorsFilter  : Filter 'corsFilterRegistrationBean' configured for use
2025-03-18T19:52:35.700+02:00  INFO 21920 --- [here-springboot] [main] eAuthenticationProviderManagerConfigurer : Global AuthenticationManager configured with AuthenticationProvider bean with name authenticationProvider
2025-03-18T19:52:35.706+02:00  WARN 21920 --- [here-springboot] [main] r$InitializeUserDetailsManagerConfigurer : Global AuthenticationManager configured with an AuthenticationProvider bean. UserDetailsService beans will not be used by Spring Security for automatically configuring username/password login. Consider removing the AuthenticationProvider bean. Alternatively, consider using the UserDetailsService in a manually instantiated DaoAuthenticationProvider. If the current configuration is intentional, to turn off this warning, increase the logging level of 'org.springframework.security.config.annotation.authentication.configuration.InitializeUserDetailsBeanManagerConfigurer' to ERROR
2025-03-18T19:52:37.251+02:00 DEBUG 21920 --- [here-springboot] [main] s.w.s.m.m.a.RequestMappingHandlerMapping : 66 mappings in 'requestMappingHandlerMapping'
2025-03-18T19:52:37.319+02:00 DEBUG 21920 --- [here-springboot] [main] o.s.w.s.h.BeanNameUrlHandlerMapping      : Detected 1 mappings in 'beanNameHandlerMapping'
2025-03-18T19:52:40.107+02:00 DEBUG 21920 --- [here-springboot] [main] o.s.w.s.handler.SimpleUrlHandlerMapping  : Patterns [/webjars/**, /**] in 'resourceHandlerMapping'
2025-03-18T19:52:40.633+02:00  INFO 21920 --- [here-springboot] [main] o.s.b.a.e.web.EndpointLinksResolver      : Exposing 1 endpoint beneath base path '/actuator'
2025-03-18T19:52:40.841+02:00 DEBUG 21920 --- [here-springboot] [main] o.s.s.web.DefaultSecurityFilterChain     : Will secure any request with filters: DisableEncodeUrlFilter, WebAsyncManagerIntegrationFilter, SecurityContextHolderFilter, HeaderWriterFilter, LogoutFilter, AuthTokenFilter, RequestCacheAwareFilter, SecurityContextHolderAwareRequestFilter, AnonymousAuthenticationFilter, SessionManagementFilter, ExceptionTranslationFilter, AuthorizationFilter
2025-03-18T19:52:41.074+02:00 DEBUG 21920 --- [here-springboot] [main] s.w.s.m.m.a.RequestMappingHandlerAdapter : ControllerAdvice beans: 0 @ModelAttribute, 0 @InitBinder, 1 RequestBodyAdvice, 1 ResponseBodyAdvice
2025-03-18T19:52:41.304+02:00 DEBUG 21920 --- [here-springboot] [main] .m.m.a.ExceptionHandlerExceptionResolver : ControllerAdvice beans: 0 @ExceptionHandler, 1 ResponseBodyAdvice
2025-03-18T19:52:44.665+02:00  INFO 21920 --- [here-springboot] [main] o.s.b.w.embedded.tomcat.TomcatWebServer  : Tomcat started on port 8080 (http) with context path '/'
2025-03-18T19:52:44.786+02:00  INFO 21920 --- [here-springboot] [main] c.h.b.backendSpringbootApplication       : Started backendSpringbootApplication in 26.8 seconds (process running for 29.914)
2025-03-18T19:52:45.940+02:00  INFO 21920 --- [here-springboot] [RMI TCP Connection(2)-127.0.0.1] o.a.c.c.C.[Tomcat].[localhost].[/]       : Initializing Spring DispatcherServlet 'dispatcherServlet'
2025-03-18T19:52:45.943+02:00  INFO 21920 --- [here-springboot] [RMI TCP Connection(2)-127.0.0.1] o.s.web.servlet.DispatcherServlet        : Initializing Servlet 'dispatcherServlet'
2025-03-18T19:52:45.946+02:00 DEBUG 21920 --- [here-springboot] [RMI TCP Connection(2)-127.0.0.1] o.s.web.servlet.DispatcherServlet        : Detected StandardServletMultipartResolver
2025-03-18T19:52:45.947+02:00 DEBUG 21920 --- [here-springboot] [RMI TCP Connection(2)-127.0.0.1] o.s.web.servlet.DispatcherServlet        : Detected AcceptHeaderLocaleResolver
2025-03-18T19:52:45.949+02:00 DEBUG 21920 --- [here-springboot] [RMI TCP Connection(2)-127.0.0.1] o.s.web.servlet.DispatcherServlet        : Detected FixedThemeResolver
2025-03-18T19:52:45.954+02:00 DEBUG 21920 --- [here-springboot] [RMI TCP Connection(2)-127.0.0.1] o.s.web.servlet.DispatcherServlet        : Detected org.springframework.web.servlet.view.DefaultRequestToViewNameTranslator@e9facb6
2025-03-18T19:52:45.959+02:00 DEBUG 21920 --- [here-springboot] [RMI TCP Connection(2)-127.0.0.1] o.s.web.servlet.DispatcherServlet        : Detected org.springframework.web.servlet.support.SessionFlashMapManager@3229a04a
2025-03-18T19:52:45.962+02:00 DEBUG 21920 --- [here-springboot] [RMI TCP Connection(2)-127.0.0.1] o.s.web.servlet.DispatcherServlet        : enableLoggingRequestDetails='false': request parameters and headers will be masked to prevent unsafe logging of potentially sensitive data
2025-03-18T19:52:45.963+02:00  INFO 21920 --- [here-springboot] [RMI TCP Connection(2)-127.0.0.1] o.s.web.servlet.DispatcherServlet        : Completed initialization in 18 ms
2025-03-18T19:53:41.259+02:00 DEBUG 21920 --- [here-springboot] [http-nio-8080-exec-1] o.s.security.web.FilterChainProxy        : Securing POST /api/auth/signin
2025-03-18T19:53:41.326+02:00 DEBUG 21920 --- [here-springboot] [http-nio-8080-exec-1] o.s.s.w.a.AnonymousAuthenticationFilter  : Set SecurityContextHolder to anonymous SecurityContext
2025-03-18T19:53:41.356+02:00 DEBUG 21920 --- [here-springboot] [http-nio-8080-exec-1] o.s.security.web.FilterChainProxy        : Secured POST /api/auth/signin
2025-03-18T19:53:41.370+02:00 DEBUG 21920 --- [here-springboot] [http-nio-8080-exec-1] o.s.web.servlet.DispatcherServlet        : POST "/api/auth/signin", parameters={}
2025-03-18T19:53:41.385+02:00 DEBUG 21920 --- [here-springboot] [http-nio-8080-exec-1] s.w.s.m.m.a.RequestMappingHandlerMapping : Mapped to com.here.backend.Security.controllers.AuthController#authenticateUser(LoginRequest)
2025-03-18T19:53:41.626+02:00 DEBUG 21920 --- [here-springboot] [http-nio-8080-exec-1] m.m.a.RequestResponseBodyMethodProcessor : Read "application/json;charset=UTF-8" to [com.here.backend.Security.payload.request.LoginRequest@731e75b3]
2025-03-18T19:53:43.200+02:00 DEBUG 21920 --- [here-springboot] [http-nio-8080-exec-1] o.s.s.a.dao.DaoAuthenticationProvider    : Authenticated user
2025-03-18T19:53:43.425+02:00 DEBUG 21920 --- [here-springboot] [http-nio-8080-exec-1] o.s.w.s.m.m.a.HttpEntityMethodProcessor  : Using 'application/json', given [*/*] and supported [application/json, application/*+json, application/yaml]
2025-03-18T19:53:43.430+02:00 DEBUG 21920 --- [here-springboot] [http-nio-8080-exec-1] o.s.w.s.m.m.a.HttpEntityMethodProcessor  : Writing [com.here.backend.Security.payload.response.JwtResponse@70cfb044]
2025-03-18T19:53:43.466+02:00 DEBUG 21920 --- [here-springboot] [http-nio-8080-exec-1] o.s.web.servlet.DispatcherServlet        : Completed 200 OK
2025-03-18T19:54:03.430+02:00 DEBUG 21920 --- [here-springboot] [http-nio-8080-exec-3] o.s.security.web.FilterChainProxy        : Securing GET /students/course/C201/students
2025-03-18T19:54:03.514+02:00 DEBUG 21920 --- [here-springboot] [http-nio-8080-exec-3] o.s.security.web.FilterChainProxy        : Secured GET /students/course/C201/students
2025-03-18T19:54:03.519+02:00 DEBUG 21920 --- [here-springboot] [http-nio-8080-exec-3] o.s.web.servlet.DispatcherServlet        : GET "/students/course/C201/students", parameters={}
2025-03-18T19:54:03.523+02:00 DEBUG 21920 --- [here-springboot] [http-nio-8080-exec-3] s.w.s.m.m.a.RequestMappingHandlerMapping : Mapped to com.here.backend.Student.StudentController#getStudentsByCourseAndStatus(String, String)
2025-03-18T19:54:03.677+02:00 DEBUG 21920 --- [here-springboot] [http-nio-8080-exec-3] o.s.w.s.m.m.a.HttpEntityMethodProcessor  : Using 'application/json', given [*/*] and supported [application/json, application/*+json, application/yaml]
2025-03-18T19:54:03.678+02:00 DEBUG 21920 --- [here-springboot] [http-nio-8080-exec-3] o.s.w.s.m.m.a.HttpEntityMethodProcessor  : Writing [[com.here.backend.Student.StudentEntity@67a3fb59, com.here.backend.Student.StudentEntity@2f6a9451, c (truncated)...]
2025-03-18T19:54:03.691+02:00 DEBUG 21920 --- [here-springboot] [http-nio-8080-exec-3] o.s.web.servlet.DispatcherServlet        : Completed 200 OK
2025-03-18T19:55:49.454+02:00 DEBUG 21920 --- [here-springboot] [http-nio-8080-exec-7] o.s.security.web.FilterChainProxy        : Securing GET /students/course/C201/students?status=absence
2025-03-18T19:55:49.491+02:00 DEBUG 21920 --- [here-springboot] [http-nio-8080-exec-7] o.s.security.web.FilterChainProxy        : Secured GET /students/course/C201/students?status=absence
2025-03-18T19:55:49.500+02:00 DEBUG 21920 --- [here-springboot] [http-nio-8080-exec-7] o.s.web.servlet.DispatcherServlet        : GET "/students/course/C201/students?status=absence", parameters={masked}
2025-03-18T19:55:49.514+02:00 DEBUG 21920 --- [here-springboot] [http-nio-8080-exec-7] s.w.s.m.m.a.RequestMappingHandlerMapping : Mapped to com.here.backend.Student.StudentController#getStudentsByCourseAndStatus(String, String)
2025-03-18T19:55:49.598+02:00 DEBUG 21920 --- [here-springboot] [http-nio-8080-exec-7] o.s.w.s.m.m.a.HttpEntityMethodProcessor  : Using 'application/json', given [*/*] and supported [application/json, application/*+json, application/yaml]
2025-03-18T19:55:49.600+02:00 DEBUG 21920 --- [here-springboot] [http-nio-8080-exec-7] o.s.w.s.m.m.a.HttpEntityMethodProcessor  : Nothing to write: null body
2025-03-18T19:55:49.602+02:00 DEBUG 21920 --- [here-springboot] [http-nio-8080-exec-7] o.s.web.servlet.DispatcherServlet        : Completed 404 NOT_FOUND
2025-03-18T20:07:47.582+02:00  INFO 6604 --- [here-springboot] [main] c.h.b.backendSpringbootApplication       : Starting backendSpringbootApplication using Java 21.0.2 with PID 6604 (C:\Users\user\here-the-attendance-system-\backend\target\classes started by user in C:\Users\user\here-the-attendance-system-)
2025-03-18T20:07:47.588+02:00  INFO 6604 --- [here-springboot] [main] c.h.b.backendSpringbootApplication       : No active profile set, falling back to 1 default profile: "default"
2025-03-18T20:07:50.522+02:00  INFO 6604 --- [here-springboot] [main] .s.d.r.c.RepositoryConfigurationDelegate : Bootstrapping Spring Data MongoDB repositories in DEFAULT mode.
2025-03-18T20:07:50.757+02:00  INFO 6604 --- [here-springboot] [main] .s.d.r.c.RepositoryConfigurationDelegate : Finished Spring Data repository scanning in 221 ms. Found 9 MongoDB repository interfaces.
2025-03-18T20:07:52.256+02:00  INFO 6604 --- [here-springboot] [main] o.s.b.w.embedded.tomcat.TomcatWebServer  : Tomcat initialized with port 8080 (http)
2025-03-18T20:07:52.280+02:00  INFO 6604 --- [here-springboot] [main] o.apache.catalina.core.StandardService   : Starting service [Tomcat]
2025-03-18T20:07:52.282+02:00  INFO 6604 --- [here-springboot] [main] o.apache.catalina.core.StandardEngine    : Starting Servlet engine: [Apache Tomcat/10.1.34]
2025-03-18T20:07:52.411+02:00  INFO 6604 --- [here-springboot] [main] o.a.c.c.C.[Tomcat].[localhost].[/]       : Initializing Spring embedded WebApplicationContext
2025-03-18T20:07:52.412+02:00  INFO 6604 --- [here-springboot] [main] w.s.c.ServletWebServerApplicationContext : Root WebApplicationContext: initialization completed in 4732 ms
2025-03-18T20:07:52.904+02:00  INFO 6604 --- [here-springboot] [main] org.mongodb.driver.client                : MongoClient with metadata {"driver": {"name": "mongo-java-driver|sync|spring-boot", "version": "5.2.1"}, "os": {"type": "Windows", "name": "Windows 11", "architecture": "amd64", "version": "10.0"}, "platform": "Java/Oracle Corporation/21.0.2+13-LTS-58"} created with settings MongoClientSettings{readPreference=primary, writeConcern=WriteConcern{w=null, wTimeout=null ms, journal=null}, retryWrites=true, retryReads=true, readConcern=ReadConcern{level=null}, credential=null, transportSettings=null, commandListeners=[io.micrometer.core.instrument.binder.mongodb.MongoMetricsCommandListener@2a42019a], codecRegistry=ProvidersCodecRegistry{codecProviders=[ValueCodecProvider{}, BsonValueCodecProvider{}, DBRefCodecProvider{}, DBObjectCodecProvider{}, DocumentCodecProvider{}, CollectionCodecProvider{}, IterableCodecProvider{}, MapCodecProvider{}, GeoJsonCodecProvider{}, GridFSFileCodecProvider{}, Jsr310CodecProvider{}, JsonObjectCodecProvider{}, BsonCodecProvider{}, EnumCodecProvider{}, com.mongodb.client.model.mql.ExpressionCodecProvider@6fc0e448, com.mongodb.Jep395RecordCodecProvider@60194904, com.mongodb.KotlinCodecProvider@4db6348b]}, loggerSettings=LoggerSettings{maxDocumentLength=1000}, clusterSettings={hosts=[localhost:27017], srvServiceName=mongodb, mode=SINGLE, requiredClusterType=UNKNOWN, requiredReplicaSetName='null', serverSelector='null', clusterListeners='[]', serverSelectionTimeout='30000 ms', localThreshold='15 ms'}, socketSettings=SocketSettings{connectTimeoutMS=10000, readTimeoutMS=0, receiveBufferSize=0, proxySettings=ProxySettings{host=null, port=null, username=null, password=null}}, heartbeatSocketSettings=SocketSettings{connectTimeoutMS=10000, readTimeoutMS=10000, receiveBufferSize=0, proxySettings=ProxySettings{host=null, port=null, username=null, password=null}}, connectionPoolSettings=ConnectionPoolSettings{maxSize=100, minSize=0, maxWaitTimeMS=120000, maxConnectionLifeTimeMS=0, maxConnectionIdleTimeMS=0, maintenanceInitialDelayMS=0, maintenanceFrequencyMS=60000, connectionPoolListeners=[io.micrometer.core.instrument.binder.mongodb.MongoMetricsConnectionPoolListener@7742a276], maxConnecting=2}, serverSettings=ServerSettings{heartbeatFrequencyMS=10000, minHeartbeatFrequencyMS=500, serverMonitoringMode=AUTO, serverListeners='[]', serverMonitorListeners='[]'}, sslSettings=SslSettings{enabled=false, invalidHostNameAllowed=false, context=null}, applicationName='null', compressorList=[], uuidRepresentation=JAVA_LEGACY, serverApi=null, autoEncryptionSettings=null, dnsClient=null, inetAddressResolver=null, contextProvider=null, timeoutMS=null}
2025-03-18T20:07:52.946+02:00  INFO 6604 --- [here-springboot] [cluster-ClusterId{value='67d9b678c676b061a2cf1af8', description='null'}-localhost:27017] org.mongodb.driver.cluster               : Monitor thread successfully connected to server with description ServerDescription{address=localhost:27017, type=STANDALONE, cryptd=false, state=CONNECTED, ok=true, minWireVersion=0, maxWireVersion=21, maxDocumentSize=16777216, logicalSessionTimeoutMinutes=30, roundTripTimeNanos=40784500, minRoundTripTimeNanos=0}
2025-03-18T20:07:53.974+02:00 DEBUG 6604 --- [here-springboot] [main] o.s.w.f.ServerHttpObservationFilter      : Filter 'webMvcObservationFilter' configured for use
2025-03-18T20:07:53.977+02:00 DEBUG 6604 --- [here-springboot] [main] o.springframework.web.filter.CorsFilter  : Filter 'corsFilterRegistrationBean' configured for use
2025-03-18T20:07:54.545+02:00  INFO 6604 --- [here-springboot] [main] eAuthenticationProviderManagerConfigurer : Global AuthenticationManager configured with AuthenticationProvider bean with name authenticationProvider
2025-03-18T20:07:54.547+02:00  WARN 6604 --- [here-springboot] [main] r$InitializeUserDetailsManagerConfigurer : Global AuthenticationManager configured with an AuthenticationProvider bean. UserDetailsService beans will not be used by Spring Security for automatically configuring username/password login. Consider removing the AuthenticationProvider bean. Alternatively, consider using the UserDetailsService in a manually instantiated DaoAuthenticationProvider. If the current configuration is intentional, to turn off this warning, increase the logging level of 'org.springframework.security.config.annotation.authentication.configuration.InitializeUserDetailsBeanManagerConfigurer' to ERROR
2025-03-18T20:07:55.229+02:00 DEBUG 6604 --- [here-springboot] [main] s.w.s.m.m.a.RequestMappingHandlerMapping : 67 mappings in 'requestMappingHandlerMapping'
2025-03-18T20:07:55.246+02:00 DEBUG 6604 --- [here-springboot] [main] o.s.w.s.h.BeanNameUrlHandlerMapping      : Detected 1 mappings in 'beanNameHandlerMapping'
2025-03-18T20:07:56.571+02:00 DEBUG 6604 --- [here-springboot] [main] o.s.w.s.handler.SimpleUrlHandlerMapping  : Patterns [/webjars/**, /**] in 'resourceHandlerMapping'
2025-03-18T20:07:57.049+02:00  INFO 6604 --- [here-springboot] [main] o.s.b.a.e.web.EndpointLinksResolver      : Exposing 1 endpoint beneath base path '/actuator'
2025-03-18T20:07:57.221+02:00 DEBUG 6604 --- [here-springboot] [main] o.s.s.web.DefaultSecurityFilterChain     : Will secure any request with filters: DisableEncodeUrlFilter, WebAsyncManagerIntegrationFilter, SecurityContextHolderFilter, HeaderWriterFilter, LogoutFilter, AuthTokenFilter, RequestCacheAwareFilter, SecurityContextHolderAwareRequestFilter, AnonymousAuthenticationFilter, SessionManagementFilter, ExceptionTranslationFilter, AuthorizationFilter
2025-03-18T20:07:57.362+02:00 DEBUG 6604 --- [here-springboot] [main] s.w.s.m.m.a.RequestMappingHandlerAdapter : ControllerAdvice beans: 0 @ModelAttribute, 0 @InitBinder, 1 RequestBodyAdvice, 1 ResponseBodyAdvice
2025-03-18T20:07:57.447+02:00 DEBUG 6604 --- [here-springboot] [main] .m.m.a.ExceptionHandlerExceptionResolver : ControllerAdvice beans: 0 @ExceptionHandler, 1 ResponseBodyAdvice
2025-03-18T20:07:58.180+02:00  INFO 6604 --- [here-springboot] [main] o.s.b.w.embedded.tomcat.TomcatWebServer  : Tomcat started on port 8080 (http) with context path '/'
2025-03-18T20:07:58.216+02:00  INFO 6604 --- [here-springboot] [main] c.h.b.backendSpringbootApplication       : Started backendSpringbootApplication in 11.322 seconds (process running for 12.628)
2025-03-18T20:07:59.367+02:00  INFO 6604 --- [here-springboot] [RMI TCP Connection(2)-127.0.0.1] o.a.c.c.C.[Tomcat].[localhost].[/]       : Initializing Spring DispatcherServlet 'dispatcherServlet'
2025-03-18T20:07:59.368+02:00  INFO 6604 --- [here-springboot] [RMI TCP Connection(2)-127.0.0.1] o.s.web.servlet.DispatcherServlet        : Initializing Servlet 'dispatcherServlet'
2025-03-18T20:07:59.369+02:00 DEBUG 6604 --- [here-springboot] [RMI TCP Connection(2)-127.0.0.1] o.s.web.servlet.DispatcherServlet        : Detected StandardServletMultipartResolver
2025-03-18T20:07:59.370+02:00 DEBUG 6604 --- [here-springboot] [RMI TCP Connection(2)-127.0.0.1] o.s.web.servlet.DispatcherServlet        : Detected AcceptHeaderLocaleResolver
2025-03-18T20:07:59.372+02:00 DEBUG 6604 --- [here-springboot] [RMI TCP Connection(2)-127.0.0.1] o.s.web.servlet.DispatcherServlet        : Detected FixedThemeResolver
2025-03-18T20:07:59.378+02:00 DEBUG 6604 --- [here-springboot] [RMI TCP Connection(2)-127.0.0.1] o.s.web.servlet.DispatcherServlet        : Detected org.springframework.web.servlet.view.DefaultRequestToViewNameTranslator@582b1921
2025-03-18T20:07:59.379+02:00 DEBUG 6604 --- [here-springboot] [RMI TCP Connection(2)-127.0.0.1] o.s.web.servlet.DispatcherServlet        : Detected org.springframework.web.servlet.support.SessionFlashMapManager@5d59c08
2025-03-18T20:07:59.381+02:00 DEBUG 6604 --- [here-springboot] [RMI TCP Connection(2)-127.0.0.1] o.s.web.servlet.DispatcherServlet        : enableLoggingRequestDetails='false': request parameters and headers will be masked to prevent unsafe logging of potentially sensitive data
2025-03-18T20:07:59.382+02:00  INFO 6604 --- [here-springboot] [RMI TCP Connection(2)-127.0.0.1] o.s.web.servlet.DispatcherServlet        : Completed initialization in 13 ms
2025-03-18T20:08:13.288+02:00 DEBUG 6604 --- [here-springboot] [http-nio-8080-exec-1] o.s.security.web.FilterChainProxy        : Securing POST /api/auth/signin
2025-03-18T20:08:13.307+02:00 DEBUG 6604 --- [here-springboot] [http-nio-8080-exec-1] o.s.s.w.a.AnonymousAuthenticationFilter  : Set SecurityContextHolder to anonymous SecurityContext
2025-03-18T20:08:13.346+02:00 DEBUG 6604 --- [here-springboot] [http-nio-8080-exec-1] o.s.security.web.FilterChainProxy        : Secured POST /api/auth/signin
2025-03-18T20:08:13.356+02:00 DEBUG 6604 --- [here-springboot] [http-nio-8080-exec-1] o.s.web.servlet.DispatcherServlet        : POST "/api/auth/signin", parameters={}
2025-03-18T20:08:13.362+02:00 DEBUG 6604 --- [here-springboot] [http-nio-8080-exec-1] s.w.s.m.m.a.RequestMappingHandlerMapping : Mapped to com.here.backend.Security.controllers.AuthController#authenticateUser(LoginRequest)
2025-03-18T20:08:13.536+02:00 DEBUG 6604 --- [here-springboot] [http-nio-8080-exec-1] m.m.a.RequestResponseBodyMethodProcessor : Read "application/json;charset=UTF-8" to [com.here.backend.Security.payload.request.LoginRequest@30fcb6]
2025-03-18T20:08:14.122+02:00 DEBUG 6604 --- [here-springboot] [http-nio-8080-exec-1] o.s.s.a.dao.DaoAuthenticationProvider    : Authenticated user
2025-03-18T20:08:14.233+02:00 DEBUG 6604 --- [here-springboot] [http-nio-8080-exec-1] o.s.w.s.m.m.a.HttpEntityMethodProcessor  : Using 'application/json', given [*/*] and supported [application/json, application/*+json, application/yaml]
2025-03-18T20:08:14.238+02:00 DEBUG 6604 --- [here-springboot] [http-nio-8080-exec-1] o.s.w.s.m.m.a.HttpEntityMethodProcessor  : Writing [com.here.backend.Security.payload.response.JwtResponse@72e967d1]
2025-03-18T20:08:14.276+02:00 DEBUG 6604 --- [here-springboot] [http-nio-8080-exec-1] o.s.web.servlet.DispatcherServlet        : Completed 200 OK
2025-03-18T20:08:52.127+02:00 DEBUG 6604 --- [here-springboot] [http-nio-8080-exec-4] o.s.security.web.FilterChainProxy        : Securing GET /students/course/C201/attendance?status=Present
2025-03-18T20:08:52.174+02:00 DEBUG 6604 --- [here-springboot] [http-nio-8080-exec-4] o.s.security.web.FilterChainProxy        : Secured GET /students/course/C201/attendance?status=Present
2025-03-18T20:08:52.175+02:00 DEBUG 6604 --- [here-springboot] [http-nio-8080-exec-4] o.s.web.servlet.DispatcherServlet        : GET "/students/course/C201/attendance?status=Present", parameters={masked}
2025-03-18T20:08:52.180+02:00 DEBUG 6604 --- [here-springboot] [http-nio-8080-exec-4] s.w.s.m.m.a.RequestMappingHandlerMapping : Mapped to com.here.backend.Student.StudentController#getStudentsByAttendanceStatus(String, String)
2025-03-18T20:08:52.237+02:00 DEBUG 6604 --- [here-springboot] [http-nio-8080-exec-4] o.s.w.s.m.m.a.HttpEntityMethodProcessor  : Using 'application/json', given [*/*] and supported [application/json, application/*+json, application/yaml]
2025-03-18T20:08:52.239+02:00 DEBUG 6604 --- [here-springboot] [http-nio-8080-exec-4] o.s.w.s.m.m.a.HttpEntityMethodProcessor  : Nothing to write: null body
2025-03-18T20:08:52.240+02:00 DEBUG 6604 --- [here-springboot] [http-nio-8080-exec-4] o.s.web.servlet.DispatcherServlet        : Completed 404 NOT_FOUND
2025-03-18T20:11:05.354+02:00 DEBUG 6604 --- [here-springboot] [http-nio-8080-exec-6] o.s.security.web.FilterChainProxy        : Securing POST /students/202109215/attendance/C201
2025-03-18T20:11:05.368+02:00 DEBUG 6604 --- [here-springboot] [http-nio-8080-exec-6] o.s.security.web.FilterChainProxy        : Secured POST /students/202109215/attendance/C201
2025-03-18T20:11:05.369+02:00 DEBUG 6604 --- [here-springboot] [http-nio-8080-exec-6] o.s.web.servlet.DispatcherServlet        : POST "/students/202109215/attendance/C201", parameters={}
2025-03-18T20:11:05.371+02:00 DEBUG 6604 --- [here-springboot] [http-nio-8080-exec-6] s.w.s.m.m.a.RequestMappingHandlerMapping : Mapped to com.here.backend.Student.StudentController#updateStudentAttendance(String, String, Map)
2025-03-18T20:11:05.375+02:00 DEBUG 6604 --- [here-springboot] [http-nio-8080-exec-6] m.m.a.RequestResponseBodyMethodProcessor : Read "application/octet-stream" to []
2025-03-18T20:11:05.385+02:00  WARN 6604 --- [here-springboot] [http-nio-8080-exec-6] .w.s.m.s.DefaultHandlerExceptionResolver : Resolved [org.springframework.http.converter.HttpMessageNotReadableException: Required request body is missing: public org.springframework.http.ResponseEntity<?> com.here.backend.Student.StudentController.updateStudentAttendance(java.lang.String,java.lang.String,java.util.Map<java.lang.String, java.lang.String>)]
2025-03-18T20:11:05.386+02:00 DEBUG 6604 --- [here-springboot] [http-nio-8080-exec-6] o.s.web.servlet.DispatcherServlet        : Completed 400 BAD_REQUEST
2025-03-18T20:11:05.411+02:00 DEBUG 6604 --- [here-springboot] [http-nio-8080-exec-6] o.s.security.web.FilterChainProxy        : Securing POST /error
2025-03-18T20:11:05.415+02:00 DEBUG 6604 --- [here-springboot] [http-nio-8080-exec-6] o.s.security.web.FilterChainProxy        : Secured POST /error
2025-03-18T20:11:05.416+02:00 DEBUG 6604 --- [here-springboot] [http-nio-8080-exec-6] o.s.web.servlet.DispatcherServlet        : "ERROR" dispatch for POST "/error", parameters={}
2025-03-18T20:11:05.417+02:00 DEBUG 6604 --- [here-springboot] [http-nio-8080-exec-6] s.w.s.m.m.a.RequestMappingHandlerMapping : Mapped to org.springframework.boot.autoconfigure.web.servlet.error.BasicErrorController#error(HttpServletRequest)
2025-03-18T20:11:05.426+02:00 DEBUG 6604 --- [here-springboot] [http-nio-8080-exec-6] o.s.w.s.m.m.a.HttpEntityMethodProcessor  : Using 'application/json', given [*/*] and supported [application/json, application/*+json, application/yaml]
2025-03-18T20:11:05.428+02:00 DEBUG 6604 --- [here-springboot] [http-nio-8080-exec-6] o.s.w.s.m.m.a.HttpEntityMethodProcessor  : Writing [{timestamp=Tue Mar 18 20:11:05 IST 2025, status=400, error=Bad Request, path=/students/202109215/att (truncated)...]
2025-03-18T20:11:05.445+02:00 DEBUG 6604 --- [here-springboot] [http-nio-8080-exec-6] o.s.web.servlet.DispatcherServlet        : Exiting from "ERROR" dispatch, status 400
2025-03-18T20:11:05.446+02:00 DEBUG 6604 --- [here-springboot] [http-nio-8080-exec-6] o.s.s.w.a.AnonymousAuthenticationFilter  : Set SecurityContextHolder to anonymous SecurityContext
2025-03-18T20:11:39.547+02:00 DEBUG 6604 --- [here-springboot] [http-nio-8080-exec-10] o.s.security.web.FilterChainProxy        : Securing POST /students/202109215/attendance/C201
2025-03-18T20:11:39.593+02:00 DEBUG 6604 --- [here-springboot] [http-nio-8080-exec-10] o.s.security.web.FilterChainProxy        : Secured POST /students/202109215/attendance/C201
2025-03-18T20:11:39.594+02:00 DEBUG 6604 --- [here-springboot] [http-nio-8080-exec-10] o.s.web.servlet.DispatcherServlet        : POST "/students/202109215/attendance/C201", parameters={}
2025-03-18T20:11:39.596+02:00 DEBUG 6604 --- [here-springboot] [http-nio-8080-exec-10] s.w.s.m.m.a.RequestMappingHandlerMapping : Mapped to com.here.backend.Student.StudentController#updateStudentAttendance(String, String, Map)
2025-03-18T20:11:39.601+02:00 DEBUG 6604 --- [here-springboot] [http-nio-8080-exec-10] m.m.a.RequestResponseBodyMethodProcessor : Read "application/json;charset=UTF-8" to [{status=Absent}]
2025-03-18T20:11:39.667+02:00 DEBUG 6604 --- [here-springboot] [http-nio-8080-exec-10] o.s.w.s.m.m.a.HttpEntityMethodProcessor  : Using 'text/plain', given [*/*] and supported [text/plain, */*, application/json, application/*+json, application/yaml]
2025-03-18T20:11:39.668+02:00 DEBUG 6604 --- [here-springboot] [http-nio-8080-exec-10] o.s.w.s.m.m.a.HttpEntityMethodProcessor  : Writing ["Attendance updated successfully."]
2025-03-18T20:11:39.672+02:00 DEBUG 6604 --- [here-springboot] [http-nio-8080-exec-10] o.s.web.servlet.DispatcherServlet        : Completed 200 OK
2025-03-18T20:12:01.613+02:00 DEBUG 6604 --- [here-springboot] [http-nio-8080-exec-8] o.s.security.web.FilterChainProxy        : Securing POST /students/202109215/attendance/C201
2025-03-18T20:12:01.624+02:00 DEBUG 6604 --- [here-springboot] [http-nio-8080-exec-8] o.s.security.web.FilterChainProxy        : Secured POST /students/202109215/attendance/C201
2025-03-18T20:12:01.625+02:00 DEBUG 6604 --- [here-springboot] [http-nio-8080-exec-8] o.s.web.servlet.DispatcherServlet        : POST "/students/202109215/attendance/C201", parameters={}
2025-03-18T20:12:01.626+02:00 DEBUG 6604 --- [here-springboot] [http-nio-8080-exec-8] s.w.s.m.m.a.RequestMappingHandlerMapping : Mapped to com.here.backend.Student.StudentController#updateStudentAttendance(String, String, Map)
2025-03-18T20:12:01.627+02:00 DEBUG 6604 --- [here-springboot] [http-nio-8080-exec-8] m.m.a.RequestResponseBodyMethodProcessor : Read "application/json;charset=UTF-8" to [{status=Absent}]
2025-03-18T20:12:01.638+02:00 DEBUG 6604 --- [here-springboot] [http-nio-8080-exec-8] o.s.w.s.m.m.a.HttpEntityMethodProcessor  : Using 'text/plain', given [*/*] and supported [text/plain, */*, application/json, application/*+json, application/yaml]
2025-03-18T20:12:01.639+02:00 DEBUG 6604 --- [here-springboot] [http-nio-8080-exec-8] o.s.w.s.m.m.a.HttpEntityMethodProcessor  : Writing ["Attendance updated successfully."]
2025-03-18T20:12:01.642+02:00 DEBUG 6604 --- [here-springboot] [http-nio-8080-exec-8] o.s.web.servlet.DispatcherServlet        : Completed 200 OK
2025-03-18T20:12:45.562+02:00 DEBUG 6604 --- [here-springboot] [http-nio-8080-exec-9] o.s.security.web.FilterChainProxy        : Securing GET /students/course/C201/attendance?status=Absent
2025-03-18T20:12:45.575+02:00 DEBUG 6604 --- [here-springboot] [http-nio-8080-exec-9] o.s.security.web.FilterChainProxy        : Secured GET /students/course/C201/attendance?status=Absent
2025-03-18T20:12:45.576+02:00 DEBUG 6604 --- [here-springboot] [http-nio-8080-exec-9] o.s.web.servlet.DispatcherServlet        : GET "/students/course/C201/attendance?status=Absent", parameters={masked}
2025-03-18T20:12:45.577+02:00 DEBUG 6604 --- [here-springboot] [http-nio-8080-exec-9] s.w.s.m.m.a.RequestMappingHandlerMapping : Mapped to com.here.backend.Student.StudentController#getStudentsByAttendanceStatus(String, String)
2025-03-18T20:12:45.586+02:00 DEBUG 6604 --- [here-springboot] [http-nio-8080-exec-9] o.s.w.s.m.m.a.HttpEntityMethodProcessor  : Using 'application/json', given [*/*] and supported [application/json, application/*+json, application/yaml]
2025-03-18T20:12:45.587+02:00 DEBUG 6604 --- [here-springboot] [http-nio-8080-exec-9] o.s.w.s.m.m.a.HttpEntityMethodProcessor  : Writing [[com.here.backend.Student.StudentEntity@23421cc3]]
2025-03-18T20:12:45.591+02:00 DEBUG 6604 --- [here-springboot] [http-nio-8080-exec-9] o.s.web.servlet.DispatcherServlet        : Completed 200 OK
2025-03-18T20:16:32.213+02:00  INFO 18540 --- [here-springboot] [main] c.h.b.backendSpringbootApplication       : Starting backendSpringbootApplication using Java 21.0.2 with PID 18540 (C:\Users\user\here-the-attendance-system-\backend\target\classes started by user in C:\Users\user\here-the-attendance-system-)
2025-03-18T20:16:32.218+02:00  INFO 18540 --- [here-springboot] [main] c.h.b.backendSpringbootApplication       : No active profile set, falling back to 1 default profile: "default"
2025-03-18T20:16:35.305+02:00  INFO 18540 --- [here-springboot] [main] .s.d.r.c.RepositoryConfigurationDelegate : Bootstrapping Spring Data MongoDB repositories in DEFAULT mode.
2025-03-18T20:16:35.555+02:00  INFO 18540 --- [here-springboot] [main] .s.d.r.c.RepositoryConfigurationDelegate : Finished Spring Data repository scanning in 239 ms. Found 9 MongoDB repository interfaces.
2025-03-18T20:16:36.813+02:00  INFO 18540 --- [here-springboot] [main] o.s.b.w.embedded.tomcat.TomcatWebServer  : Tomcat initialized with port 8080 (http)
2025-03-18T20:16:36.843+02:00  INFO 18540 --- [here-springboot] [main] o.apache.catalina.core.StandardService   : Starting service [Tomcat]
2025-03-18T20:16:36.843+02:00  INFO 18540 --- [here-springboot] [main] o.apache.catalina.core.StandardEngine    : Starting Servlet engine: [Apache Tomcat/10.1.34]
2025-03-18T20:16:36.990+02:00  INFO 18540 --- [here-springboot] [main] o.a.c.c.C.[Tomcat].[localhost].[/]       : Initializing Spring embedded WebApplicationContext
2025-03-18T20:16:36.991+02:00  INFO 18540 --- [here-springboot] [main] w.s.c.ServletWebServerApplicationContext : Root WebApplicationContext: initialization completed in 4677 ms
2025-03-18T20:16:37.612+02:00  INFO 18540 --- [here-springboot] [main] org.mongodb.driver.client                : MongoClient with metadata {"driver": {"name": "mongo-java-driver|sync|spring-boot", "version": "5.2.1"}, "os": {"type": "Windows", "name": "Windows 11", "architecture": "amd64", "version": "10.0"}, "platform": "Java/Oracle Corporation/21.0.2+13-LTS-58"} created with settings MongoClientSettings{readPreference=primary, writeConcern=WriteConcern{w=null, wTimeout=null ms, journal=null}, retryWrites=true, retryReads=true, readConcern=ReadConcern{level=null}, credential=null, transportSettings=null, commandListeners=[io.micrometer.core.instrument.binder.mongodb.MongoMetricsCommandListener@4c8d45cf], codecRegistry=ProvidersCodecRegistry{codecProviders=[ValueCodecProvider{}, BsonValueCodecProvider{}, DBRefCodecProvider{}, DBObjectCodecProvider{}, DocumentCodecProvider{}, CollectionCodecProvider{}, IterableCodecProvider{}, MapCodecProvider{}, GeoJsonCodecProvider{}, GridFSFileCodecProvider{}, Jsr310CodecProvider{}, JsonObjectCodecProvider{}, BsonCodecProvider{}, EnumCodecProvider{}, com.mongodb.client.model.mql.ExpressionCodecProvider@fde487b, com.mongodb.Jep395RecordCodecProvider@4cc4d454, com.mongodb.KotlinCodecProvider@3add5e17]}, loggerSettings=LoggerSettings{maxDocumentLength=1000}, clusterSettings={hosts=[localhost:27017], srvServiceName=mongodb, mode=SINGLE, requiredClusterType=UNKNOWN, requiredReplicaSetName='null', serverSelector='null', clusterListeners='[]', serverSelectionTimeout='30000 ms', localThreshold='15 ms'}, socketSettings=SocketSettings{connectTimeoutMS=10000, readTimeoutMS=0, receiveBufferSize=0, proxySettings=ProxySettings{host=null, port=null, username=null, password=null}}, heartbeatSocketSettings=SocketSettings{connectTimeoutMS=10000, readTimeoutMS=10000, receiveBufferSize=0, proxySettings=ProxySettings{host=null, port=null, username=null, password=null}}, connectionPoolSettings=ConnectionPoolSettings{maxSize=100, minSize=0, maxWaitTimeMS=120000, maxConnectionLifeTimeMS=0, maxConnectionIdleTimeMS=0, maintenanceInitialDelayMS=0, maintenanceFrequencyMS=60000, connectionPoolListeners=[io.micrometer.core.instrument.binder.mongodb.MongoMetricsConnectionPoolListener@1c58d7be], maxConnecting=2}, serverSettings=ServerSettings{heartbeatFrequencyMS=10000, minHeartbeatFrequencyMS=500, serverMonitoringMode=AUTO, serverListeners='[]', serverMonitorListeners='[]'}, sslSettings=SslSettings{enabled=false, invalidHostNameAllowed=false, context=null}, applicationName='null', compressorList=[], uuidRepresentation=JAVA_LEGACY, serverApi=null, autoEncryptionSettings=null, dnsClient=null, inetAddressResolver=null, contextProvider=null, timeoutMS=null}
2025-03-18T20:16:37.663+02:00  INFO 18540 --- [here-springboot] [cluster-ClusterId{value='67d9b885b441bb0c544281f4', description='null'}-localhost:27017] org.mongodb.driver.cluster               : Monitor thread successfully connected to server with description ServerDescription{address=localhost:27017, type=STANDALONE, cryptd=false, state=CONNECTED, ok=true, minWireVersion=0, maxWireVersion=21, maxDocumentSize=16777216, logicalSessionTimeoutMinutes=30, roundTripTimeNanos=64017900, minRoundTripTimeNanos=0}
2025-03-18T20:16:38.847+02:00 DEBUG 18540 --- [here-springboot] [main] o.s.w.f.ServerHttpObservationFilter      : Filter 'webMvcObservationFilter' configured for use
2025-03-18T20:16:38.849+02:00 DEBUG 18540 --- [here-springboot] [main] o.springframework.web.filter.CorsFilter  : Filter 'corsFilterRegistrationBean' configured for use
2025-03-18T20:16:39.414+02:00  INFO 18540 --- [here-springboot] [main] eAuthenticationProviderManagerConfigurer : Global AuthenticationManager configured with AuthenticationProvider bean with name authenticationProvider
2025-03-18T20:16:39.416+02:00  WARN 18540 --- [here-springboot] [main] r$InitializeUserDetailsManagerConfigurer : Global AuthenticationManager configured with an AuthenticationProvider bean. UserDetailsService beans will not be used by Spring Security for automatically configuring username/password login. Consider removing the AuthenticationProvider bean. Alternatively, consider using the UserDetailsService in a manually instantiated DaoAuthenticationProvider. If the current configuration is intentional, to turn off this warning, increase the logging level of 'org.springframework.security.config.annotation.authentication.configuration.InitializeUserDetailsBeanManagerConfigurer' to ERROR
2025-03-18T20:16:40.338+02:00 DEBUG 18540 --- [here-springboot] [main] s.w.s.m.m.a.RequestMappingHandlerMapping : 68 mappings in 'requestMappingHandlerMapping'
2025-03-18T20:16:40.393+02:00 DEBUG 18540 --- [here-springboot] [main] o.s.w.s.h.BeanNameUrlHandlerMapping      : Detected 1 mappings in 'beanNameHandlerMapping'
2025-03-18T20:16:42.386+02:00 DEBUG 18540 --- [here-springboot] [main] o.s.w.s.handler.SimpleUrlHandlerMapping  : Patterns [/webjars/**, /**] in 'resourceHandlerMapping'
2025-03-18T20:16:42.976+02:00  INFO 18540 --- [here-springboot] [main] o.s.b.a.e.web.EndpointLinksResolver      : Exposing 1 endpoint beneath base path '/actuator'
2025-03-18T20:16:43.224+02:00 DEBUG 18540 --- [here-springboot] [main] o.s.s.web.DefaultSecurityFilterChain     : Will secure any request with filters: DisableEncodeUrlFilter, WebAsyncManagerIntegrationFilter, SecurityContextHolderFilter, HeaderWriterFilter, LogoutFilter, AuthTokenFilter, RequestCacheAwareFilter, SecurityContextHolderAwareRequestFilter, AnonymousAuthenticationFilter, SessionManagementFilter, ExceptionTranslationFilter, AuthorizationFilter
2025-03-18T20:16:43.463+02:00 DEBUG 18540 --- [here-springboot] [main] s.w.s.m.m.a.RequestMappingHandlerAdapter : ControllerAdvice beans: 0 @ModelAttribute, 0 @InitBinder, 1 RequestBodyAdvice, 1 ResponseBodyAdvice
2025-03-18T20:16:43.598+02:00 DEBUG 18540 --- [here-springboot] [main] .m.m.a.ExceptionHandlerExceptionResolver : ControllerAdvice beans: 0 @ExceptionHandler, 1 ResponseBodyAdvice
2025-03-18T20:16:44.481+02:00  INFO 18540 --- [here-springboot] [main] o.s.b.w.embedded.tomcat.TomcatWebServer  : Tomcat started on port 8080 (http) with context path '/'
2025-03-18T20:16:44.531+02:00  INFO 18540 --- [here-springboot] [main] c.h.b.backendSpringbootApplication       : Started backendSpringbootApplication in 13.121 seconds (process running for 14.45)
2025-03-18T20:16:46.797+02:00  INFO 18540 --- [here-springboot] [RMI TCP Connection(2)-127.0.0.1] o.a.c.c.C.[Tomcat].[localhost].[/]       : Initializing Spring DispatcherServlet 'dispatcherServlet'
2025-03-18T20:16:46.799+02:00  INFO 18540 --- [here-springboot] [RMI TCP Connection(2)-127.0.0.1] o.s.web.servlet.DispatcherServlet        : Initializing Servlet 'dispatcherServlet'
2025-03-18T20:16:46.801+02:00 DEBUG 18540 --- [here-springboot] [RMI TCP Connection(2)-127.0.0.1] o.s.web.servlet.DispatcherServlet        : Detected StandardServletMultipartResolver
2025-03-18T20:16:46.802+02:00 DEBUG 18540 --- [here-springboot] [RMI TCP Connection(2)-127.0.0.1] o.s.web.servlet.DispatcherServlet        : Detected AcceptHeaderLocaleResolver
2025-03-18T20:16:46.803+02:00 DEBUG 18540 --- [here-springboot] [RMI TCP Connection(2)-127.0.0.1] o.s.web.servlet.DispatcherServlet        : Detected FixedThemeResolver
2025-03-18T20:16:46.808+02:00 DEBUG 18540 --- [here-springboot] [RMI TCP Connection(2)-127.0.0.1] o.s.web.servlet.DispatcherServlet        : Detected org.springframework.web.servlet.view.DefaultRequestToViewNameTranslator@60614d79
2025-03-18T20:16:46.809+02:00 DEBUG 18540 --- [here-springboot] [RMI TCP Connection(2)-127.0.0.1] o.s.web.servlet.DispatcherServlet        : Detected org.springframework.web.servlet.support.SessionFlashMapManager@7b5200ad
2025-03-18T20:16:46.810+02:00 DEBUG 18540 --- [here-springboot] [RMI TCP Connection(2)-127.0.0.1] o.s.web.servlet.DispatcherServlet        : enableLoggingRequestDetails='false': request parameters and headers will be masked to prevent unsafe logging of potentially sensitive data
2025-03-18T20:16:46.812+02:00  INFO 18540 --- [here-springboot] [RMI TCP Connection(2)-127.0.0.1] o.s.web.servlet.DispatcherServlet        : Completed initialization in 11 ms
2025-03-18T20:17:24.390+02:00 DEBUG 18540 --- [here-springboot] [http-nio-8080-exec-1] o.s.security.web.FilterChainProxy        : Securing POST /api/auth/signin
2025-03-18T20:17:24.405+02:00 DEBUG 18540 --- [here-springboot] [http-nio-8080-exec-1] o.s.s.w.a.AnonymousAuthenticationFilter  : Set SecurityContextHolder to anonymous SecurityContext
2025-03-18T20:17:24.416+02:00 DEBUG 18540 --- [here-springboot] [http-nio-8080-exec-1] o.s.security.web.FilterChainProxy        : Secured POST /api/auth/signin
2025-03-18T20:17:24.420+02:00 DEBUG 18540 --- [here-springboot] [http-nio-8080-exec-1] o.s.web.servlet.DispatcherServlet        : POST "/api/auth/signin", parameters={}
2025-03-18T20:17:24.422+02:00 DEBUG 18540 --- [here-springboot] [http-nio-8080-exec-1] s.w.s.m.m.a.RequestMappingHandlerMapping : Mapped to com.here.backend.Security.controllers.AuthController#authenticateUser(LoginRequest)
2025-03-18T20:17:24.522+02:00 DEBUG 18540 --- [here-springboot] [http-nio-8080-exec-1] m.m.a.RequestResponseBodyMethodProcessor : Read "application/json;charset=UTF-8" to [com.here.backend.Security.payload.request.LoginRequest@7cd22250]
2025-03-18T20:17:25.030+02:00 DEBUG 18540 --- [here-springboot] [http-nio-8080-exec-1] o.s.s.a.dao.DaoAuthenticationProvider    : Authenticated user
2025-03-18T20:17:25.098+02:00 DEBUG 18540 --- [here-springboot] [http-nio-8080-exec-1] o.s.w.s.m.m.a.HttpEntityMethodProcessor  : Using 'application/json', given [*/*] and supported [application/json, application/*+json, application/yaml]
2025-03-18T20:17:25.101+02:00 DEBUG 18540 --- [here-springboot] [http-nio-8080-exec-1] o.s.w.s.m.m.a.HttpEntityMethodProcessor  : Writing [com.here.backend.Security.payload.response.JwtResponse@43974256]
2025-03-18T20:17:25.116+02:00 DEBUG 18540 --- [here-springboot] [http-nio-8080-exec-1] o.s.web.servlet.DispatcherServlet        : Completed 200 OK
2025-03-18T20:17:40.687+02:00 DEBUG 18540 --- [here-springboot] [http-nio-8080-exec-3] o.s.security.web.FilterChainProxy        : Securing GET /students/students/search?name=sh
2025-03-18T20:17:40.727+02:00 DEBUG 18540 --- [here-springboot] [http-nio-8080-exec-3] o.s.security.web.FilterChainProxy        : Secured GET /students/students/search?name=sh
2025-03-18T20:17:40.730+02:00 DEBUG 18540 --- [here-springboot] [http-nio-8080-exec-3] o.s.web.servlet.DispatcherServlet        : GET "/students/students/search?name=sh", parameters={masked}
2025-03-18T20:17:40.732+02:00 DEBUG 18540 --- [here-springboot] [http-nio-8080-exec-3] o.s.w.s.handler.SimpleUrlHandlerMapping  : Mapped to ResourceHttpRequestHandler [classpath [META-INF/resources/], classpath [resources/], classpath [static/], classpath [public/], ServletContext [/]]
2025-03-18T20:17:40.746+02:00 DEBUG 18540 --- [here-springboot] [http-nio-8080-exec-3] o.s.w.s.r.ResourceHttpRequestHandler     : Resource not found
2025-03-18T20:17:40.750+02:00 DEBUG 18540 --- [here-springboot] [http-nio-8080-exec-3] .w.s.m.s.DefaultHandlerExceptionResolver : Resolved [org.springframework.web.servlet.resource.NoResourceFoundException: No static resource students/students/search.]
2025-03-18T20:17:40.751+02:00 DEBUG 18540 --- [here-springboot] [http-nio-8080-exec-3] o.s.web.servlet.DispatcherServlet        : Completed 404 NOT_FOUND
2025-03-18T20:17:40.775+02:00 DEBUG 18540 --- [here-springboot] [http-nio-8080-exec-3] o.s.security.web.FilterChainProxy        : Securing GET /error?name=sh
2025-03-18T20:17:40.779+02:00 DEBUG 18540 --- [here-springboot] [http-nio-8080-exec-3] o.s.security.web.FilterChainProxy        : Secured GET /error?name=sh
2025-03-18T20:17:40.780+02:00 DEBUG 18540 --- [here-springboot] [http-nio-8080-exec-3] o.s.web.servlet.DispatcherServlet        : "ERROR" dispatch for GET "/error?name=sh", parameters={masked}
2025-03-18T20:17:40.783+02:00 DEBUG 18540 --- [here-springboot] [http-nio-8080-exec-3] s.w.s.m.m.a.RequestMappingHandlerMapping : Mapped to org.springframework.boot.autoconfigure.web.servlet.error.BasicErrorController#error(HttpServletRequest)
2025-03-18T20:17:40.793+02:00 DEBUG 18540 --- [here-springboot] [http-nio-8080-exec-3] o.s.w.s.m.m.a.HttpEntityMethodProcessor  : Using 'application/json', given [*/*] and supported [application/json, application/*+json, application/yaml]
2025-03-18T20:17:40.795+02:00 DEBUG 18540 --- [here-springboot] [http-nio-8080-exec-3] o.s.w.s.m.m.a.HttpEntityMethodProcessor  : Writing [{timestamp=Tue Mar 18 20:17:40 IST 2025, status=404, error=Not Found, path=/students/students/search (truncated)...]
2025-03-18T20:17:40.811+02:00 DEBUG 18540 --- [here-springboot] [http-nio-8080-exec-3] o.s.web.servlet.DispatcherServlet        : Exiting from "ERROR" dispatch, status 404
2025-03-18T20:17:40.812+02:00 DEBUG 18540 --- [here-springboot] [http-nio-8080-exec-3] o.s.s.w.a.AnonymousAuthenticationFilter  : Set SecurityContextHolder to anonymous SecurityContext
2025-03-18T20:17:51.922+02:00 DEBUG 18540 --- [here-springboot] [http-nio-8080-exec-4] o.s.security.web.FilterChainProxy        : Securing GET /students/search?name=sh
2025-03-18T20:17:51.933+02:00 DEBUG 18540 --- [here-springboot] [http-nio-8080-exec-4] o.s.security.web.FilterChainProxy        : Secured GET /students/search?name=sh
2025-03-18T20:17:51.934+02:00 DEBUG 18540 --- [here-springboot] [http-nio-8080-exec-4] o.s.web.servlet.DispatcherServlet        : GET "/students/search?name=sh", parameters={masked}
2025-03-18T20:17:51.935+02:00 DEBUG 18540 --- [here-springboot] [http-nio-8080-exec-4] s.w.s.m.m.a.RequestMappingHandlerMapping : Mapped to com.here.backend.Student.StudentController#searchStudentsByName(String)
2025-03-18T20:17:51.992+02:00 DEBUG 18540 --- [here-springboot] [http-nio-8080-exec-4] o.s.w.s.m.m.a.HttpEntityMethodProcessor  : Using 'application/json', given [*/*] and supported [application/json, application/*+json, application/yaml]
2025-03-18T20:17:51.992+02:00 DEBUG 18540 --- [here-springboot] [http-nio-8080-exec-4] o.s.w.s.m.m.a.HttpEntityMethodProcessor  : Writing [[com.here.backend.Student.StudentEntity@3ccf987d, com.here.backend.Student.StudentEntity@4a8105ce, c (truncated)...]
2025-03-18T20:17:52.000+02:00 DEBUG 18540 --- [here-springboot] [http-nio-8080-exec-4] o.s.web.servlet.DispatcherServlet        : Completed 200 OK
2025-03-18T20:18:06.532+02:00 DEBUG 18540 --- [here-springboot] [http-nio-8080-exec-5] o.s.security.web.FilterChainProxy        : Securing GET /students/search?name=shouq
2025-03-18T20:18:06.543+02:00 DEBUG 18540 --- [here-springboot] [http-nio-8080-exec-5] o.s.security.web.FilterChainProxy        : Secured GET /students/search?name=shouq
2025-03-18T20:18:06.544+02:00 DEBUG 18540 --- [here-springboot] [http-nio-8080-exec-5] o.s.web.servlet.DispatcherServlet        : GET "/students/search?name=shouq", parameters={masked}
2025-03-18T20:18:06.544+02:00 DEBUG 18540 --- [here-springboot] [http-nio-8080-exec-5] s.w.s.m.m.a.RequestMappingHandlerMapping : Mapped to com.here.backend.Student.StudentController#searchStudentsByName(String)
2025-03-18T20:18:06.549+02:00 DEBUG 18540 --- [here-springboot] [http-nio-8080-exec-5] o.s.w.s.m.m.a.HttpEntityMethodProcessor  : Using 'application/json', given [*/*] and supported [application/json, application/*+json, application/yaml]
2025-03-18T20:18:06.550+02:00 DEBUG 18540 --- [here-springboot] [http-nio-8080-exec-5] o.s.w.s.m.m.a.HttpEntityMethodProcessor  : Writing [[com.here.backend.Student.StudentEntity@2b91417c]]
2025-03-18T20:18:06.551+02:00 DEBUG 18540 --- [here-springboot] [http-nio-8080-exec-5] o.s.web.servlet.DispatcherServlet        : Completed 200 OK
